{
"/home/dima/SMSC-master/modules/admin/src/Service/OrientDB.ts":{"path":"/home/dima/SMSC-master/modules/admin/src/Service/OrientDB.ts","s":{"1":1,"2":1,"3":1,"4":1,"5":0,"6":0,"7":0,"8":1,"9":1,"10":1,"11":1,"12":1,"13":1,"14":1,"15":1,"16":1,"17":1,"18":10,"19":0,"20":0,"21":0,"22":0,"23":0,"24":0,"25":0,"26":0,"27":0,"28":10,"29":0,"30":0,"31":0,"32":0,"33":0,"34":0,"35":0,"36":0,"37":0,"38":0,"39":10,"40":0,"41":0,"42":0,"43":10,"44":0,"45":0,"46":0,"47":0,"48":0,"49":0,"50":0,"51":0,"52":0,"53":0,"54":0,"55":0,"56":0,"57":0,"58":0,"59":0,"60":0,"61":0,"62":0,"63":0,"64":0,"65":0,"66":10,"67":10,"68":10,"69":10,"70":10,"71":10,"72":10,"73":10,"74":10,"75":10,"76":10,"77":10,"78":10,"79":10,"80":10,"81":10,"82":0,"83":10,"84":10,"85":10,"86":10,"87":0,"88":0,"89":10,"90":0,"91":0,"92":0,"93":0,"94":0,"95":0,"96":0,"97":0,"98":10,"99":1,"100":3,"101":3,"102":0,"103":3,"104":0,"105":3,"106":0,"107":3,"108":3,"109":3,"110":3,"111":3,"112":0,"113":0,"114":0,"115":0,"116":3,"117":3,"118":1,"119":0,"120":0,"121":0,"122":0,"123":0,"124":0,"125":0,"126":0,"127":0,"128":0,"129":0,"130":0,"131":0,"132":0,"133":0,"134":0,"135":1,"136":0,"137":0,"138":0,"139":0,"140":0,"141":0,"142":0,"143":0,"144":0,"145":1,"146":0,"147":0,"148":0,"149":0,"150":0,"151":0,"152":1,"153":0,"154":0,"155":0,"156":0,"157":0,"158":0,"159":0,"160":0,"161":0,"162":0,"163":0,"164":0,"165":0,"166":1,"167":0,"168":0,"169":0,"170":0,"171":0,"172":0,"173":0,"174":0,"175":0,"176":1,"177":0,"178":0,"179":0,"180":0,"181":0,"182":0,"183":0,"184":0,"185":1,"186":0,"187":0,"188":0,"189":0,"190":0,"191":0,"192":0,"193":0,"194":0,"195":0,"196":0,"197":0,"198":1,"199":0,"200":0,"201":0,"202":0,"203":0,"204":0,"205":1,"206":0,"207":0,"208":0,"209":0,"210":0,"211":0,"212":0,"213":0,"214":0,"215":0,"216":0,"217":0,"218":0,"219":0,"220":0,"221":0,"222":0,"223":0,"224":0,"225":0,"226":0,"227":0,"228":0,"229":0,"230":0,"231":0,"232":0,"233":0,"234":0,"235":0,"236":0,"237":0,"238":0,"239":1,"240":0,"241":0,"242":1,"243":0,"244":0,"245":0,"246":1,"247":0,"248":0,"249":0,"250":0,"251":0,"252":0,"253":0,"254":0,"255":0,"256":0,"257":0,"258":0,"259":0,"260":0,"261":0,"262":0,"263":1,"264":0,"265":0,"266":0,"267":0,"268":0,"269":0,"270":0,"271":1,"272":0,"273":0,"274":0,"275":0,"276":0,"277":0,"278":0,"279":0,"280":0,"281":0,"282":0,"283":0,"284":0,"285":0,"286":0,"287":1,"288":0,"289":0,"290":0,"291":0,"292":0,"293":0,"294":0,"295":0,"296":0,"297":0,"298":0,"299":0,"300":0,"301":0,"302":0,"303":0,"304":0,"305":0,"306":0,"307":0,"308":0,"309":1,"310":0,"311":0,"312":0,"313":0,"314":0,"315":0,"316":0,"317":0,"318":0,"319":0,"320":0,"321":0,"322":0,"323":0,"324":1,"325":0,"326":1,"327":3,"328":1,"329":0,"330":1,"331":0,"332":1,"333":0,"334":1,"335":3,"336":1,"337":0,"338":1,"339":0,"340":1,"341":1,"342":1},"b":{"1":[1,1,1],"2":[1,0],"3":[0,0],"4":[1,0],"5":[1,1],"6":[0,0],"7":[0,0],"8":[0,0],"9":[0,0],"10":[1,0,0],"11":[1,1,1],"12":[1,0],"13":[1,1],"14":[0,0],"15":[0,0],"16":[0,0],"17":[0,0,0,0],"18":[0,0],"19":[0,0],"20":[0,0],"21":[0,0,0,0],"22":[0,0],"23":[0,0],"24":[0,0],"25":[0,0,0],"26":[0,0],"27":[0,0],"28":[0,0],"29":[0,0],"30":[0,0],"31":[0,0,0],"32":[0,0],"33":[0,0],"34":[0,0],"35":[0,0],"36":[0,0],"37":[0,0],"38":[0,0],"39":[10,0],"40":[0,10],"41":[10,0],"42":[0,10],"43":[10,10],"44":[0,0],"45":[0,0],"46":[0,3],"47":[0,3],"48":[0,3],"49":[3,0],"50":[3,0],"51":[3,0],"52":[0,0],"53":[0,0],"54":[0,0],"55":[0,0],"56":[0,0],"57":[0,0],"58":[0,0],"59":[0,0],"60":[0,0],"61":[0,0],"62":[0,0],"63":[0,0],"64":[0,0],"65":[0,0],"66":[0,0],"67":[0,0],"68":[0,0],"69":[0,0],"70":[0,0],"71":[0,0],"72":[0,0],"73":[0,0],"74":[0,0],"75":[0,0],"76":[0,0],"77":[0,0],"78":[0,0],"79":[0,0],"80":[0,0,0],"81":[0,0],"82":[0,0],"83":[0,0],"84":[0,0],"85":[0,0,0],"86":[0,0],"87":[0,0],"88":[0,0],"89":[0,0],"90":[0,0],"91":[0,0],"92":[0,0],"93":[0,0,0],"94":[0,0],"95":[0,0],"96":[0,0],"97":[0,0],"98":[0,0],"99":[0,0],"100":[0,0],"101":[0,0],"102":[0,0],"103":[0,0],"104":[0,0],"105":[0,0],"106":[0,0],"107":[0,0],"108":[0,0],"109":[0,0],"110":[0,0],"111":[0,0],"112":[0,0],"113":[0,0],"114":[0,0],"115":[0,0],"116":[0,0],"117":[0,0],"118":[0,0],"119":[0,0],"120":[0,0],"121":[0,0],"122":[0,0],"123":[0,0]},"f":{"1":1,"2":1,"3":1,"4":10,"5":0,"6":0,"7":0,"8":0,"9":3,"10":0,"11":3,"12":0,"13":0,"14":0,"15":0,"16":0,"17":0,"18":0,"19":0,"20":0,"21":0,"22":0,"23":0,"24":0,"25":0,"26":0,"27":0,"28":0,"29":0,"30":0,"31":0,"32":0,"33":0,"34":0,"35":0,"36":0,"37":0,"38":0,"39":0,"40":0,"41":0,"42":0,"43":3,"44":0,"45":0,"46":0,"47":3,"48":0,"49":0},"fnMap":{"1":{"name":"(anonymous_1)","line":2,"loc":{"start":{"line":2,"column":46},"end":{"line":2,"column":87}}},"2":{"name":"(anonymous_2)","line":8,"loc":{"start":{"line":8,"column":46},"end":{"line":8,"column":62}}},"3":{"name":"(anonymous_3)","line":15,"loc":{"start":{"line":15,"column":17},"end":{"line":15,"column":29}}},"4":{"name":"ODatabase","line":16,"loc":{"start":{"line":16,"column":4},"end":{"line":16,"column":37}}},"5":{"name":"(anonymous_5)","line":17,"loc":{"start":{"line":17,"column":37},"end":{"line":17,"column":61}}},"6":{"name":"(anonymous_6)","line":35,"loc":{"start":{"line":35,"column":35},"end":{"line":35,"column":59}}},"7":{"name":"(anonymous_7)","line":55,"loc":{"start":{"line":55,"column":31},"end":{"line":55,"column":46}}},"8":{"name":"(anonymous_8)","line":63,"loc":{"start":{"line":63,"column":49},"end":{"line":63,"column":73}}},"9":{"name":"(anonymous_9)","line":146,"loc":{"start":{"line":146,"column":31},"end":{"line":146,"column":78}}},"10":{"name":"(anonymous_10)","line":168,"loc":{"start":{"line":168,"column":18},"end":{"line":168,"column":33}}},"11":{"name":"(anonymous_11)","line":174,"loc":{"start":{"line":174,"column":11},"end":{"line":174,"column":28}}},"12":{"name":"(anonymous_12)","line":179,"loc":{"start":{"line":179,"column":32},"end":{"line":179,"column":102}}},"13":{"name":"(anonymous_13)","line":192,"loc":{"start":{"line":192,"column":18},"end":{"line":192,"column":33}}},"14":{"name":"(anonymous_14)","line":199,"loc":{"start":{"line":199,"column":17},"end":{"line":199,"column":34}}},"15":{"name":"(anonymous_15)","line":207,"loc":{"start":{"line":207,"column":32},"end":{"line":207,"column":44}}},"16":{"name":"(anonymous_16)","line":214,"loc":{"start":{"line":214,"column":22},"end":{"line":214,"column":37}}},"17":{"name":"(anonymous_17)","line":218,"loc":{"start":{"line":218,"column":21},"end":{"line":218,"column":38}}},"18":{"name":"(anonymous_18)","line":226,"loc":{"start":{"line":226,"column":41},"end":{"line":226,"column":62}}},"19":{"name":"(anonymous_19)","line":238,"loc":{"start":{"line":238,"column":37},"end":{"line":238,"column":55}}},"20":{"name":"(anonymous_20)","line":258,"loc":{"start":{"line":258,"column":44},"end":{"line":258,"column":59}}},"21":{"name":"(anonymous_21)","line":278,"loc":{"start":{"line":278,"column":43},"end":{"line":278,"column":58}}},"22":{"name":"(anonymous_22)","line":293,"loc":{"start":{"line":293,"column":48},"end":{"line":293,"column":72}}},"23":{"name":"(anonymous_23)","line":315,"loc":{"start":{"line":315,"column":49},"end":{"line":315,"column":73}}},"24":{"name":"(anonymous_24)","line":325,"loc":{"start":{"line":325,"column":61},"end":{"line":325,"column":85}}},"25":{"name":"(anonymous_25)","line":380,"loc":{"start":{"line":380,"column":38},"end":{"line":380,"column":55}}},"26":{"name":"(anonymous_26)","line":384,"loc":{"start":{"line":384,"column":38},"end":{"line":384,"column":50}}},"27":{"name":"(anonymous_27)","line":390,"loc":{"start":{"line":390,"column":33},"end":{"line":390,"column":83}}},"28":{"name":"(anonymous_28)","line":409,"loc":{"start":{"line":409,"column":18},"end":{"line":409,"column":33}}},"29":{"name":"(anonymous_29)","line":413,"loc":{"start":{"line":413,"column":17},"end":{"line":413,"column":34}}},"30":{"name":"(anonymous_30)","line":418,"loc":{"start":{"line":418,"column":35},"end":{"line":418,"column":47}}},"31":{"name":"(anonymous_31)","line":425,"loc":{"start":{"line":425,"column":18},"end":{"line":425,"column":33}}},"32":{"name":"(anonymous_32)","line":429,"loc":{"start":{"line":429,"column":17},"end":{"line":429,"column":34}}},"33":{"name":"(anonymous_33)","line":434,"loc":{"start":{"line":434,"column":31},"end":{"line":434,"column":59}}},"34":{"name":"(anonymous_34)","line":454,"loc":{"start":{"line":454,"column":18},"end":{"line":454,"column":33}}},"35":{"name":"(anonymous_35)","line":458,"loc":{"start":{"line":458,"column":17},"end":{"line":458,"column":34}}},"36":{"name":"(anonymous_36)","line":463,"loc":{"start":{"line":463,"column":31},"end":{"line":463,"column":78}}},"37":{"name":"(anonymous_37)","line":482,"loc":{"start":{"line":482,"column":18},"end":{"line":482,"column":33}}},"38":{"name":"(anonymous_38)","line":490,"loc":{"start":{"line":490,"column":17},"end":{"line":490,"column":34}}},"39":{"name":"(anonymous_39)","line":498,"loc":{"start":{"line":498,"column":35},"end":{"line":498,"column":71}}},"40":{"name":"(anonymous_40)","line":517,"loc":{"start":{"line":517,"column":18},"end":{"line":517,"column":33}}},"41":{"name":"(anonymous_41)","line":520,"loc":{"start":{"line":520,"column":17},"end":{"line":520,"column":34}}},"42":{"name":"(anonymous_42)","line":525,"loc":{"start":{"line":525,"column":42},"end":{"line":525,"column":54}}},"43":{"name":"(anonymous_43)","line":528,"loc":{"start":{"line":528,"column":42},"end":{"line":528,"column":67}}},"44":{"name":"(anonymous_44)","line":531,"loc":{"start":{"line":531,"column":43},"end":{"line":531,"column":55}}},"45":{"name":"(anonymous_45)","line":534,"loc":{"start":{"line":534,"column":43},"end":{"line":534,"column":69}}},"46":{"name":"(anonymous_46)","line":537,"loc":{"start":{"line":537,"column":45},"end":{"line":537,"column":73}}},"47":{"name":"(anonymous_47)","line":540,"loc":{"start":{"line":540,"column":42},"end":{"line":540,"column":67}}},"48":{"name":"(anonymous_48)","line":543,"loc":{"start":{"line":543,"column":42},"end":{"line":543,"column":54}}},"49":{"name":"(anonymous_49)","line":546,"loc":{"start":{"line":546,"column":48},"end":{"line":546,"column":60}}}},"statementMap":{"1":{"start":{"line":2,"column":0},"end":{"line":7,"column":2}},"2":{"start":{"line":3,"column":4},"end":{"line":3,"column":129}},"3":{"start":{"line":4,"column":4},"end":{"line":5,"column":150}},"4":{"start":{"line":4,"column":79},"end":{"line":4,"column":131}},"5":{"start":{"line":5,"column":9},"end":{"line":5,"column":150}},"6":{"start":{"line":5,"column":58},"end":{"line":5,"column":150}},"7":{"start":{"line":5,"column":81},"end":{"line":5,"column":150}},"8":{"start":{"line":6,"column":4},"end":{"line":6,"column":66}},"9":{"start":{"line":8,"column":0},"end":{"line":10,"column":2}},"10":{"start":{"line":9,"column":4},"end":{"line":9,"column":109}},"11":{"start":{"line":9,"column":79},"end":{"line":9,"column":109}},"12":{"start":{"line":11,"column":0},"end":{"line":11,"column":33}},"13":{"start":{"line":12,"column":0},"end":{"line":12,"column":38}},"14":{"start":{"line":13,"column":0},"end":{"line":13,"column":37}},"15":{"start":{"line":14,"column":0},"end":{"line":14,"column":30}},"16":{"start":{"line":15,"column":0},"end":{"line":554,"column":5}},"17":{"start":{"line":16,"column":4},"end":{"line":145,"column":5}},"18":{"start":{"line":17,"column":8},"end":{"line":34,"column":10}},"19":{"start":{"line":18,"column":12},"end":{"line":32,"column":13}},"20":{"start":{"line":19,"column":16},"end":{"line":21,"column":17}},"21":{"start":{"line":20,"column":20},"end":{"line":20,"column":29}},"22":{"start":{"line":22,"column":16},"end":{"line":22,"column":39}},"23":{"start":{"line":23,"column":16},"end":{"line":31,"column":17}},"24":{"start":{"line":24,"column":20},"end":{"line":24,"column":63}},"25":{"start":{"line":27,"column":20},"end":{"line":30,"column":21}},"26":{"start":{"line":29,"column":24},"end":{"line":29,"column":52}},"27":{"start":{"line":33,"column":12},"end":{"line":33,"column":23}},"28":{"start":{"line":35,"column":8},"end":{"line":54,"column":10}},"29":{"start":{"line":36,"column":12},"end":{"line":52,"column":13}},"30":{"start":{"line":37,"column":16},"end":{"line":39,"column":17}},"31":{"start":{"line":38,"column":20},"end":{"line":38,"column":29}},"32":{"start":{"line":40,"column":16},"end":{"line":40,"column":39}},"33":{"start":{"line":41,"column":16},"end":{"line":51,"column":17}},"34":{"start":{"line":42,"column":20},"end":{"line":42,"column":61}},"35":{"start":{"line":45,"column":20},"end":{"line":50,"column":21}},"36":{"start":{"line":48,"column":24},"end":{"line":48,"column":43}},"37":{"start":{"line":49,"column":24},"end":{"line":49,"column":45}},"38":{"start":{"line":53,"column":12},"end":{"line":53,"column":27}},"39":{"start":{"line":55,"column":8},"end":{"line":62,"column":10}},"40":{"start":{"line":56,"column":12},"end":{"line":61,"column":13}},"41":{"start":{"line":57,"column":16},"end":{"line":57,"column":27}},"42":{"start":{"line":60,"column":16},"end":{"line":60,"column":33}},"43":{"start":{"line":63,"column":8},"end":{"line":98,"column":10}},"44":{"start":{"line":64,"column":12},"end":{"line":96,"column":13}},"45":{"start":{"line":65,"column":16},"end":{"line":67,"column":17}},"46":{"start":{"line":66,"column":20},"end":{"line":66,"column":29}},"47":{"start":{"line":68,"column":16},"end":{"line":68,"column":39}},"48":{"start":{"line":69,"column":16},"end":{"line":95,"column":17}},"49":{"start":{"line":70,"column":20},"end":{"line":76,"column":21}},"50":{"start":{"line":71,"column":24},"end":{"line":71,"column":70}},"51":{"start":{"line":72,"column":24},"end":{"line":74,"column":25}},"52":{"start":{"line":73,"column":28},"end":{"line":73,"column":49}},"53":{"start":{"line":75,"column":24},"end":{"line":75,"column":89}},"54":{"start":{"line":78,"column":21},"end":{"line":95,"column":17}},"55":{"start":{"line":80,"column":20},"end":{"line":94,"column":21}},"56":{"start":{"line":81,"column":24},"end":{"line":83,"column":25}},"57":{"start":{"line":82,"column":28},"end":{"line":82,"column":37}},"58":{"start":{"line":84,"column":24},"end":{"line":84,"column":50}},"59":{"start":{"line":85,"column":24},"end":{"line":93,"column":25}},"60":{"start":{"line":86,"column":28},"end":{"line":91,"column":29}},"61":{"start":{"line":87,"column":32},"end":{"line":87,"column":83}},"62":{"start":{"line":88,"column":32},"end":{"line":90,"column":33}},"63":{"start":{"line":89,"column":36},"end":{"line":89,"column":62}},"64":{"start":{"line":92,"column":28},"end":{"line":92,"column":98}},"65":{"start":{"line":97,"column":12},"end":{"line":97,"column":27}},"66":{"start":{"line":99,"column":8},"end":{"line":99,"column":30}},"67":{"start":{"line":100,"column":8},"end":{"line":100,"column":31}},"68":{"start":{"line":101,"column":8},"end":{"line":101,"column":38}},"69":{"start":{"line":102,"column":8},"end":{"line":102,"column":33}},"70":{"start":{"line":103,"column":8},"end":{"line":103,"column":34}},"71":{"start":{"line":104,"column":8},"end":{"line":104,"column":36}},"72":{"start":{"line":105,"column":8},"end":{"line":105,"column":33}},"73":{"start":{"line":106,"column":8},"end":{"line":106,"column":33}},"74":{"start":{"line":107,"column":8},"end":{"line":107,"column":38}},"75":{"start":{"line":108,"column":8},"end":{"line":108,"column":49}},"76":{"start":{"line":109,"column":8},"end":{"line":109,"column":29}},"77":{"start":{"line":110,"column":8},"end":{"line":110,"column":28}},"78":{"start":{"line":111,"column":8},"end":{"line":111,"column":47}},"79":{"start":{"line":112,"column":8},"end":{"line":144,"column":9}},"80":{"start":{"line":113,"column":12},"end":{"line":113,"column":64}},"81":{"start":{"line":114,"column":12},"end":{"line":119,"column":13}},"82":{"start":{"line":115,"column":16},"end":{"line":115,"column":53}},"83":{"start":{"line":118,"column":16},"end":{"line":118,"column":51}},"84":{"start":{"line":120,"column":12},"end":{"line":127,"column":13}},"85":{"start":{"line":121,"column":16},"end":{"line":121,"column":70}},"86":{"start":{"line":122,"column":16},"end":{"line":122,"column":68}},"87":{"start":{"line":125,"column":16},"end":{"line":125,"column":48}},"88":{"start":{"line":126,"column":16},"end":{"line":126,"column":41}},"89":{"start":{"line":128,"column":12},"end":{"line":143,"column":13}},"90":{"start":{"line":129,"column":16},"end":{"line":129,"column":46}},"91":{"start":{"line":130,"column":16},"end":{"line":130,"column":57}},"92":{"start":{"line":131,"column":16},"end":{"line":139,"column":17}},"93":{"start":{"line":132,"column":20},"end":{"line":134,"column":21}},"94":{"start":{"line":133,"column":24},"end":{"line":133,"column":33}},"95":{"start":{"line":135,"column":20},"end":{"line":137,"column":21}},"96":{"start":{"line":136,"column":24},"end":{"line":136,"column":56}},"97":{"start":{"line":138,"column":20},"end":{"line":138,"column":57}},"98":{"start":{"line":142,"column":16},"end":{"line":142,"column":61}},"99":{"start":{"line":146,"column":4},"end":{"line":178,"column":6}},"100":{"start":{"line":147,"column":8},"end":{"line":147,"column":25}},"101":{"start":{"line":148,"column":8},"end":{"line":150,"column":9}},"102":{"start":{"line":149,"column":12},"end":{"line":149,"column":26}},"103":{"start":{"line":151,"column":8},"end":{"line":153,"column":9}},"104":{"start":{"line":152,"column":12},"end":{"line":152,"column":26}},"105":{"start":{"line":154,"column":8},"end":{"line":159,"column":9}},"106":{"start":{"line":155,"column":12},"end":{"line":155,"column":64}},"107":{"start":{"line":158,"column":12},"end":{"line":158,"column":46}},"108":{"start":{"line":160,"column":8},"end":{"line":162,"column":9}},"109":{"start":{"line":161,"column":12},"end":{"line":161,"column":25}},"110":{"start":{"line":163,"column":8},"end":{"line":163,"column":51}},"111":{"start":{"line":164,"column":8},"end":{"line":177,"column":11}},"112":{"start":{"line":169,"column":12},"end":{"line":169,"column":40}},"113":{"start":{"line":170,"column":12},"end":{"line":172,"column":13}},"114":{"start":{"line":171,"column":16},"end":{"line":171,"column":68}},"115":{"start":{"line":173,"column":12},"end":{"line":173,"column":43}},"116":{"start":{"line":175,"column":12},"end":{"line":175,"column":40}},"117":{"start":{"line":176,"column":12},"end":{"line":176,"column":74}},"118":{"start":{"line":179,"column":4},"end":{"line":206,"column":6}},"119":{"start":{"line":180,"column":8},"end":{"line":180,"column":25}},"120":{"start":{"line":181,"column":8},"end":{"line":183,"column":9}},"121":{"start":{"line":182,"column":12},"end":{"line":182,"column":26}},"122":{"start":{"line":184,"column":8},"end":{"line":184,"column":108}},"123":{"start":{"line":185,"column":8},"end":{"line":187,"column":9}},"124":{"start":{"line":186,"column":12},"end":{"line":186,"column":56}},"125":{"start":{"line":188,"column":8},"end":{"line":205,"column":11}},"126":{"start":{"line":193,"column":12},"end":{"line":193,"column":40}},"127":{"start":{"line":194,"column":12},"end":{"line":194,"column":38}},"128":{"start":{"line":195,"column":12},"end":{"line":197,"column":13}},"129":{"start":{"line":196,"column":16},"end":{"line":196,"column":53}},"130":{"start":{"line":198,"column":12},"end":{"line":198,"column":89}},"131":{"start":{"line":200,"column":12},"end":{"line":200,"column":39}},"132":{"start":{"line":201,"column":12},"end":{"line":201,"column":72}},"133":{"start":{"line":202,"column":12},"end":{"line":204,"column":13}},"134":{"start":{"line":203,"column":16},"end":{"line":203,"column":50}},"135":{"start":{"line":207,"column":4},"end":{"line":225,"column":6}},"136":{"start":{"line":208,"column":8},"end":{"line":208,"column":25}},"137":{"start":{"line":209,"column":8},"end":{"line":223,"column":9}},"138":{"start":{"line":210,"column":12},"end":{"line":222,"column":15}},"139":{"start":{"line":215,"column":16},"end":{"line":215,"column":42}},"140":{"start":{"line":216,"column":16},"end":{"line":216,"column":44}},"141":{"start":{"line":217,"column":16},"end":{"line":217,"column":48}},"142":{"start":{"line":219,"column":16},"end":{"line":219,"column":43}},"143":{"start":{"line":220,"column":16},"end":{"line":221,"column":42}},"144":{"start":{"line":224,"column":8},"end":{"line":224,"column":33}},"145":{"start":{"line":226,"column":4},"end":{"line":237,"column":6}},"146":{"start":{"line":227,"column":8},"end":{"line":229,"column":9}},"147":{"start":{"line":228,"column":12},"end":{"line":228,"column":51}},"148":{"start":{"line":230,"column":8},"end":{"line":230,"column":43}},"149":{"start":{"line":231,"column":8},"end":{"line":236,"column":9}},"150":{"start":{"line":232,"column":12},"end":{"line":232,"column":69}},"151":{"start":{"line":235,"column":12},"end":{"line":235,"column":40}},"152":{"start":{"line":238,"column":4},"end":{"line":257,"column":6}},"153":{"start":{"line":239,"column":8},"end":{"line":239,"column":47}},"154":{"start":{"line":240,"column":8},"end":{"line":240,"column":25}},"155":{"start":{"line":241,"column":8},"end":{"line":255,"column":9}},"156":{"start":{"line":242,"column":12},"end":{"line":242,"column":41}},"157":{"start":{"line":243,"column":12},"end":{"line":254,"column":13}},"158":{"start":{"line":244,"column":16},"end":{"line":244,"column":50}},"159":{"start":{"line":246,"column":17},"end":{"line":254,"column":13}},"160":{"start":{"line":247,"column":16},"end":{"line":247,"column":63}},"161":{"start":{"line":248,"column":16},"end":{"line":248,"column":63}},"162":{"start":{"line":251,"column":16},"end":{"line":251,"column":64}},"163":{"start":{"line":252,"column":16},"end":{"line":252,"column":70}},"164":{"start":{"line":253,"column":16},"end":{"line":253,"column":63}},"165":{"start":{"line":256,"column":8},"end":{"line":256,"column":23}},"166":{"start":{"line":258,"column":4},"end":{"line":277,"column":6}},"167":{"start":{"line":259,"column":8},"end":{"line":276,"column":9}},"168":{"start":{"line":260,"column":12},"end":{"line":260,"column":28}},"169":{"start":{"line":261,"column":12},"end":{"line":266,"column":13}},"170":{"start":{"line":262,"column":16},"end":{"line":262,"column":46}},"171":{"start":{"line":265,"column":16},"end":{"line":265,"column":34}},"172":{"start":{"line":267,"column":12},"end":{"line":272,"column":13}},"173":{"start":{"line":268,"column":16},"end":{"line":268,"column":58}},"174":{"start":{"line":271,"column":16},"end":{"line":271,"column":35}},"175":{"start":{"line":275,"column":12},"end":{"line":275,"column":23}},"176":{"start":{"line":278,"column":4},"end":{"line":292,"column":6}},"177":{"start":{"line":279,"column":8},"end":{"line":290,"column":9}},"178":{"start":{"line":280,"column":12},"end":{"line":282,"column":14}},"179":{"start":{"line":283,"column":12},"end":{"line":283,"column":63}},"180":{"start":{"line":284,"column":12},"end":{"line":289,"column":13}},"181":{"start":{"line":285,"column":16},"end":{"line":285,"column":65}},"182":{"start":{"line":286,"column":16},"end":{"line":288,"column":17}},"183":{"start":{"line":287,"column":20},"end":{"line":287,"column":67}},"184":{"start":{"line":291,"column":8},"end":{"line":291,"column":19}},"185":{"start":{"line":293,"column":4},"end":{"line":314,"column":6}},"186":{"start":{"line":294,"column":8},"end":{"line":312,"column":9}},"187":{"start":{"line":295,"column":12},"end":{"line":297,"column":13}},"188":{"start":{"line":296,"column":16},"end":{"line":296,"column":25}},"189":{"start":{"line":298,"column":12},"end":{"line":298,"column":35}},"190":{"start":{"line":299,"column":12},"end":{"line":311,"column":13}},"191":{"start":{"line":300,"column":16},"end":{"line":300,"column":59}},"192":{"start":{"line":303,"column":16},"end":{"line":310,"column":17}},"193":{"start":{"line":304,"column":20},"end":{"line":309,"column":21}},"194":{"start":{"line":305,"column":24},"end":{"line":308,"column":25}},"195":{"start":{"line":306,"column":28},"end":{"line":306,"column":47}},"196":{"start":{"line":307,"column":28},"end":{"line":307,"column":50}},"197":{"start":{"line":313,"column":8},"end":{"line":313,"column":23}},"198":{"start":{"line":315,"column":4},"end":{"line":324,"column":6}},"199":{"start":{"line":316,"column":8},"end":{"line":316,"column":71}},"200":{"start":{"line":317,"column":8},"end":{"line":322,"column":9}},"201":{"start":{"line":318,"column":12},"end":{"line":321,"column":13}},"202":{"start":{"line":319,"column":16},"end":{"line":319,"column":60}},"203":{"start":{"line":320,"column":16},"end":{"line":320,"column":35}},"204":{"start":{"line":323,"column":8},"end":{"line":323,"column":62}},"205":{"start":{"line":325,"column":4},"end":{"line":379,"column":6}},"206":{"start":{"line":326,"column":8},"end":{"line":378,"column":9}},"207":{"start":{"line":327,"column":12},"end":{"line":329,"column":13}},"208":{"start":{"line":328,"column":16},"end":{"line":328,"column":25}},"209":{"start":{"line":330,"column":12},"end":{"line":330,"column":35}},"210":{"start":{"line":331,"column":12},"end":{"line":377,"column":13}},"211":{"start":{"line":332,"column":16},"end":{"line":332,"column":41}},"212":{"start":{"line":333,"column":16},"end":{"line":345,"column":17}},"213":{"start":{"line":334,"column":20},"end":{"line":334,"column":66}},"214":{"start":{"line":335,"column":20},"end":{"line":344,"column":21}},"215":{"start":{"line":336,"column":24},"end":{"line":336,"column":52}},"216":{"start":{"line":337,"column":24},"end":{"line":343,"column":25}},"217":{"start":{"line":338,"column":28},"end":{"line":338,"column":47}},"218":{"start":{"line":341,"column":28},"end":{"line":341,"column":50}},"219":{"start":{"line":342,"column":28},"end":{"line":342,"column":50}},"220":{"start":{"line":346,"column":16},"end":{"line":348,"column":17}},"221":{"start":{"line":347,"column":20},"end":{"line":347,"column":76}},"222":{"start":{"line":350,"column":17},"end":{"line":377,"column":13}},"223":{"start":{"line":352,"column":16},"end":{"line":376,"column":17}},"224":{"start":{"line":353,"column":20},"end":{"line":355,"column":21}},"225":{"start":{"line":354,"column":24},"end":{"line":354,"column":33}},"226":{"start":{"line":356,"column":20},"end":{"line":356,"column":46}},"227":{"start":{"line":357,"column":20},"end":{"line":375,"column":21}},"228":{"start":{"line":358,"column":24},"end":{"line":358,"column":49}},"229":{"start":{"line":359,"column":24},"end":{"line":371,"column":25}},"230":{"start":{"line":360,"column":28},"end":{"line":360,"column":79}},"231":{"start":{"line":361,"column":28},"end":{"line":370,"column":29}},"232":{"start":{"line":362,"column":32},"end":{"line":362,"column":60}},"233":{"start":{"line":363,"column":32},"end":{"line":369,"column":33}},"234":{"start":{"line":364,"column":36},"end":{"line":364,"column":55}},"235":{"start":{"line":367,"column":36},"end":{"line":367,"column":56}},"236":{"start":{"line":368,"column":36},"end":{"line":368,"column":58}},"237":{"start":{"line":372,"column":24},"end":{"line":374,"column":25}},"238":{"start":{"line":373,"column":28},"end":{"line":373,"column":89}},"239":{"start":{"line":380,"column":4},"end":{"line":383,"column":6}},"240":{"start":{"line":381,"column":8},"end":{"line":381,"column":29}},"241":{"start":{"line":382,"column":8},"end":{"line":382,"column":75}},"242":{"start":{"line":384,"column":4},"end":{"line":389,"column":6}},"243":{"start":{"line":385,"column":8},"end":{"line":387,"column":9}},"244":{"start":{"line":386,"column":12},"end":{"line":386,"column":24}},"245":{"start":{"line":388,"column":8},"end":{"line":388,"column":45}},"246":{"start":{"line":390,"column":4},"end":{"line":417,"column":6}},"247":{"start":{"line":391,"column":8},"end":{"line":391,"column":25}},"248":{"start":{"line":392,"column":8},"end":{"line":393,"column":26}},"249":{"start":{"line":393,"column":12},"end":{"line":393,"column":26}},"250":{"start":{"line":394,"column":8},"end":{"line":395,"column":26}},"251":{"start":{"line":395,"column":12},"end":{"line":395,"column":26}},"252":{"start":{"line":396,"column":8},"end":{"line":397,"column":38}},"253":{"start":{"line":397,"column":12},"end":{"line":397,"column":38}},"254":{"start":{"line":398,"column":8},"end":{"line":398,"column":42}},"255":{"start":{"line":399,"column":8},"end":{"line":401,"column":9}},"256":{"start":{"line":400,"column":12},"end":{"line":400,"column":27}},"257":{"start":{"line":402,"column":8},"end":{"line":416,"column":11}},"258":{"start":{"line":410,"column":12},"end":{"line":410,"column":40}},"259":{"start":{"line":411,"column":12},"end":{"line":411,"column":64}},"260":{"start":{"line":412,"column":12},"end":{"line":412,"column":43}},"261":{"start":{"line":414,"column":12},"end":{"line":414,"column":74}},"262":{"start":{"line":415,"column":12},"end":{"line":415,"column":40}},"263":{"start":{"line":418,"column":4},"end":{"line":433,"column":6}},"264":{"start":{"line":419,"column":8},"end":{"line":419,"column":25}},"265":{"start":{"line":420,"column":8},"end":{"line":432,"column":11}},"266":{"start":{"line":426,"column":12},"end":{"line":426,"column":40}},"267":{"start":{"line":427,"column":12},"end":{"line":427,"column":64}},"268":{"start":{"line":428,"column":12},"end":{"line":428,"column":43}},"269":{"start":{"line":430,"column":12},"end":{"line":430,"column":74}},"270":{"start":{"line":431,"column":12},"end":{"line":431,"column":40}},"271":{"start":{"line":434,"column":4},"end":{"line":462,"column":6}},"272":{"start":{"line":435,"column":8},"end":{"line":435,"column":25}},"273":{"start":{"line":436,"column":8},"end":{"line":438,"column":9}},"274":{"start":{"line":437,"column":12},"end":{"line":437,"column":24}},"275":{"start":{"line":439,"column":8},"end":{"line":444,"column":9}},"276":{"start":{"line":440,"column":12},"end":{"line":440,"column":42}},"277":{"start":{"line":443,"column":12},"end":{"line":443,"column":28}},"278":{"start":{"line":445,"column":8},"end":{"line":447,"column":9}},"279":{"start":{"line":446,"column":12},"end":{"line":446,"column":37}},"280":{"start":{"line":448,"column":8},"end":{"line":448,"column":40}},"281":{"start":{"line":449,"column":8},"end":{"line":461,"column":11}},"282":{"start":{"line":455,"column":12},"end":{"line":455,"column":40}},"283":{"start":{"line":456,"column":12},"end":{"line":456,"column":38}},"284":{"start":{"line":457,"column":12},"end":{"line":457,"column":44}},"285":{"start":{"line":459,"column":12},"end":{"line":459,"column":39}},"286":{"start":{"line":460,"column":12},"end":{"line":460,"column":72}},"287":{"start":{"line":463,"column":4},"end":{"line":497,"column":6}},"288":{"start":{"line":464,"column":8},"end":{"line":464,"column":25}},"289":{"start":{"line":465,"column":8},"end":{"line":467,"column":9}},"290":{"start":{"line":466,"column":12},"end":{"line":466,"column":24}},"291":{"start":{"line":468,"column":8},"end":{"line":468,"column":30}},"292":{"start":{"line":469,"column":8},"end":{"line":469,"column":72}},"293":{"start":{"line":470,"column":8},"end":{"line":472,"column":9}},"294":{"start":{"line":471,"column":12},"end":{"line":471,"column":49}},"295":{"start":{"line":473,"column":8},"end":{"line":473,"column":74}},"296":{"start":{"line":474,"column":8},"end":{"line":476,"column":9}},"297":{"start":{"line":475,"column":12},"end":{"line":475,"column":49}},"298":{"start":{"line":477,"column":8},"end":{"line":496,"column":11}},"299":{"start":{"line":483,"column":12},"end":{"line":483,"column":40}},"300":{"start":{"line":484,"column":12},"end":{"line":484,"column":42}},"301":{"start":{"line":485,"column":12},"end":{"line":485,"column":40}},"302":{"start":{"line":486,"column":12},"end":{"line":488,"column":13}},"303":{"start":{"line":487,"column":16},"end":{"line":487,"column":37}},"304":{"start":{"line":489,"column":12},"end":{"line":489,"column":44}},"305":{"start":{"line":491,"column":12},"end":{"line":491,"column":39}},"306":{"start":{"line":492,"column":12},"end":{"line":492,"column":71}},"307":{"start":{"line":493,"column":12},"end":{"line":495,"column":13}},"308":{"start":{"line":494,"column":16},"end":{"line":494,"column":50}},"309":{"start":{"line":498,"column":4},"end":{"line":524,"column":6}},"310":{"start":{"line":499,"column":8},"end":{"line":499,"column":25}},"311":{"start":{"line":500,"column":8},"end":{"line":502,"column":9}},"312":{"start":{"line":501,"column":12},"end":{"line":501,"column":24}},"313":{"start":{"line":503,"column":8},"end":{"line":504,"column":38}},"314":{"start":{"line":505,"column":8},"end":{"line":505,"column":20}},"315":{"start":{"line":506,"column":8},"end":{"line":512,"column":9}},"316":{"start":{"line":507,"column":12},"end":{"line":507,"column":41}},"317":{"start":{"line":510,"column":12},"end":{"line":510,"column":32}},"318":{"start":{"line":511,"column":12},"end":{"line":511,"column":27}},"319":{"start":{"line":513,"column":8},"end":{"line":523,"column":11}},"320":{"start":{"line":518,"column":12},"end":{"line":518,"column":40}},"321":{"start":{"line":519,"column":12},"end":{"line":519,"column":44}},"322":{"start":{"line":521,"column":12},"end":{"line":521,"column":39}},"323":{"start":{"line":522,"column":12},"end":{"line":522,"column":76}},"324":{"start":{"line":525,"column":4},"end":{"line":527,"column":6}},"325":{"start":{"line":526,"column":8},"end":{"line":526,"column":33}},"326":{"start":{"line":528,"column":4},"end":{"line":530,"column":6}},"327":{"start":{"line":529,"column":8},"end":{"line":529,"column":42}},"328":{"start":{"line":531,"column":4},"end":{"line":533,"column":6}},"329":{"start":{"line":532,"column":8},"end":{"line":532,"column":34}},"330":{"start":{"line":534,"column":4},"end":{"line":536,"column":6}},"331":{"start":{"line":535,"column":8},"end":{"line":535,"column":44}},"332":{"start":{"line":537,"column":4},"end":{"line":539,"column":6}},"333":{"start":{"line":538,"column":8},"end":{"line":538,"column":48}},"334":{"start":{"line":540,"column":4},"end":{"line":542,"column":6}},"335":{"start":{"line":541,"column":8},"end":{"line":541,"column":42}},"336":{"start":{"line":543,"column":4},"end":{"line":545,"column":6}},"337":{"start":{"line":544,"column":8},"end":{"line":544,"column":33}},"338":{"start":{"line":546,"column":4},"end":{"line":548,"column":6}},"339":{"start":{"line":547,"column":8},"end":{"line":547,"column":38}},"340":{"start":{"line":549,"column":4},"end":{"line":552,"column":18}},"341":{"start":{"line":553,"column":4},"end":{"line":553,"column":21}},"342":{"start":{"line":555,"column":0},"end":{"line":555,"column":30}}},"branchMap":{"1":{"line":2,"type":"binary-expr","locations":[{"start":{"line":2,"column":18},"end":{"line":2,"column":22}},{"start":{"line":2,"column":26},"end":{"line":2,"column":41}},{"start":{"line":2,"column":46},"end":{"line":7,"column":1}}]},"2":{"line":3,"type":"cond-expr","locations":[{"start":{"line":3,"column":42},"end":{"line":3,"column":48}},{"start":{"line":3,"column":51},"end":{"line":3,"column":125}}]},"3":{"line":3,"type":"cond-expr","locations":[{"start":{"line":3,"column":67},"end":{"line":3,"column":118}},{"start":{"line":3,"column":121},"end":{"line":3,"column":125}}]},"4":{"line":4,"type":"if","locations":[{"start":{"line":4,"column":4},"end":{"line":4,"column":4}},{"start":{"line":4,"column":4},"end":{"line":4,"column":4}}]},"5":{"line":4,"type":"binary-expr","locations":[{"start":{"line":4,"column":8},"end":{"line":4,"column":35}},{"start":{"line":4,"column":39},"end":{"line":4,"column":77}}]},"6":{"line":5,"type":"if","locations":[{"start":{"line":5,"column":58},"end":{"line":5,"column":58}},{"start":{"line":5,"column":58},"end":{"line":5,"column":58}}]},"7":{"line":5,"type":"binary-expr","locations":[{"start":{"line":5,"column":86},"end":{"line":5,"column":143}},{"start":{"line":5,"column":148},"end":{"line":5,"column":149}}]},"8":{"line":5,"type":"cond-expr","locations":[{"start":{"line":5,"column":94},"end":{"line":5,"column":98}},{"start":{"line":5,"column":101},"end":{"line":5,"column":143}}]},"9":{"line":5,"type":"cond-expr","locations":[{"start":{"line":5,"column":109},"end":{"line":5,"column":126}},{"start":{"line":5,"column":129},"end":{"line":5,"column":143}}]},"10":{"line":6,"type":"binary-expr","locations":[{"start":{"line":6,"column":11},"end":{"line":6,"column":16}},{"start":{"line":6,"column":20},"end":{"line":6,"column":21}},{"start":{"line":6,"column":25},"end":{"line":6,"column":62}}]},"11":{"line":8,"type":"binary-expr","locations":[{"start":{"line":8,"column":18},"end":{"line":8,"column":22}},{"start":{"line":8,"column":26},"end":{"line":8,"column":41}},{"start":{"line":8,"column":46},"end":{"line":10,"column":1}}]},"12":{"line":9,"type":"if","locations":[{"start":{"line":9,"column":4},"end":{"line":9,"column":4}},{"start":{"line":9,"column":4},"end":{"line":9,"column":4}}]},"13":{"line":9,"type":"binary-expr","locations":[{"start":{"line":9,"column":8},"end":{"line":9,"column":35}},{"start":{"line":9,"column":39},"end":{"line":9,"column":77}}]},"14":{"line":19,"type":"if","locations":[{"start":{"line":19,"column":16},"end":{"line":19,"column":16}},{"start":{"line":19,"column":16},"end":{"line":19,"column":16}}]},"15":{"line":23,"type":"if","locations":[{"start":{"line":23,"column":16},"end":{"line":23,"column":16}},{"start":{"line":23,"column":16},"end":{"line":23,"column":16}}]},"16":{"line":27,"type":"if","locations":[{"start":{"line":27,"column":20},"end":{"line":27,"column":20}},{"start":{"line":27,"column":20},"end":{"line":27,"column":20}}]},"17":{"line":27,"type":"binary-expr","locations":[{"start":{"line":27,"column":24},"end":{"line":27,"column":39}},{"start":{"line":27,"column":43},"end":{"line":27,"column":59}},{"start":{"line":28,"column":27},"end":{"line":28,"column":49}},{"start":{"line":28,"column":53},"end":{"line":28,"column":75}}]},"18":{"line":37,"type":"if","locations":[{"start":{"line":37,"column":16},"end":{"line":37,"column":16}},{"start":{"line":37,"column":16},"end":{"line":37,"column":16}}]},"19":{"line":41,"type":"if","locations":[{"start":{"line":41,"column":16},"end":{"line":41,"column":16}},{"start":{"line":41,"column":16},"end":{"line":41,"column":16}}]},"20":{"line":45,"type":"if","locations":[{"start":{"line":45,"column":20},"end":{"line":45,"column":20}},{"start":{"line":45,"column":20},"end":{"line":45,"column":20}}]},"21":{"line":45,"type":"binary-expr","locations":[{"start":{"line":45,"column":24},"end":{"line":45,"column":39}},{"start":{"line":45,"column":43},"end":{"line":45,"column":59}},{"start":{"line":46,"column":27},"end":{"line":46,"column":56}},{"start":{"line":47,"column":27},"end":{"line":47,"column":50}}]},"22":{"line":56,"type":"if","locations":[{"start":{"line":56,"column":12},"end":{"line":56,"column":12}},{"start":{"line":56,"column":12},"end":{"line":56,"column":12}}]},"23":{"line":65,"type":"if","locations":[{"start":{"line":65,"column":16},"end":{"line":65,"column":16}},{"start":{"line":65,"column":16},"end":{"line":65,"column":16}}]},"24":{"line":69,"type":"if","locations":[{"start":{"line":69,"column":16},"end":{"line":69,"column":16}},{"start":{"line":69,"column":16},"end":{"line":69,"column":16}}]},"25":{"line":69,"type":"binary-expr","locations":[{"start":{"line":69,"column":20},"end":{"line":69,"column":33}},{"start":{"line":69,"column":37},"end":{"line":69,"column":61}},{"start":{"line":69,"column":65},"end":{"line":69,"column":86}}]},"26":{"line":70,"type":"if","locations":[{"start":{"line":70,"column":20},"end":{"line":70,"column":20}},{"start":{"line":70,"column":20},"end":{"line":70,"column":20}}]},"27":{"line":70,"type":"binary-expr","locations":[{"start":{"line":70,"column":24},"end":{"line":70,"column":45}},{"start":{"line":70,"column":49},"end":{"line":70,"column":62}}]},"28":{"line":72,"type":"if","locations":[{"start":{"line":72,"column":24},"end":{"line":72,"column":24}},{"start":{"line":72,"column":24},"end":{"line":72,"column":24}}]},"29":{"line":72,"type":"binary-expr","locations":[{"start":{"line":72,"column":28},"end":{"line":72,"column":48}},{"start":{"line":72,"column":52},"end":{"line":72,"column":65}}]},"30":{"line":78,"type":"if","locations":[{"start":{"line":78,"column":21},"end":{"line":78,"column":21}},{"start":{"line":78,"column":21},"end":{"line":78,"column":21}}]},"31":{"line":78,"type":"binary-expr","locations":[{"start":{"line":78,"column":25},"end":{"line":78,"column":38}},{"start":{"line":78,"column":42},"end":{"line":78,"column":66}},{"start":{"line":79,"column":23},"end":{"line":79,"column":43}}]},"32":{"line":81,"type":"if","locations":[{"start":{"line":81,"column":24},"end":{"line":81,"column":24}},{"start":{"line":81,"column":24},"end":{"line":81,"column":24}}]},"33":{"line":85,"type":"if","locations":[{"start":{"line":85,"column":24},"end":{"line":85,"column":24}},{"start":{"line":85,"column":24},"end":{"line":85,"column":24}}]},"34":{"line":85,"type":"binary-expr","locations":[{"start":{"line":85,"column":28},"end":{"line":85,"column":46}},{"start":{"line":85,"column":50},"end":{"line":85,"column":79}}]},"35":{"line":86,"type":"if","locations":[{"start":{"line":86,"column":28},"end":{"line":86,"column":28}},{"start":{"line":86,"column":28},"end":{"line":86,"column":28}}]},"36":{"line":86,"type":"binary-expr","locations":[{"start":{"line":86,"column":32},"end":{"line":86,"column":58}},{"start":{"line":86,"column":62},"end":{"line":86,"column":80}}]},"37":{"line":88,"type":"if","locations":[{"start":{"line":88,"column":32},"end":{"line":88,"column":32}},{"start":{"line":88,"column":32},"end":{"line":88,"column":32}}]},"38":{"line":88,"type":"binary-expr","locations":[{"start":{"line":88,"column":36},"end":{"line":88,"column":56}},{"start":{"line":88,"column":60},"end":{"line":88,"column":73}}]},"39":{"line":112,"type":"if","locations":[{"start":{"line":112,"column":8},"end":{"line":112,"column":8}},{"start":{"line":112,"column":8},"end":{"line":112,"column":8}}]},"40":{"line":114,"type":"if","locations":[{"start":{"line":114,"column":12},"end":{"line":114,"column":12}},{"start":{"line":114,"column":12},"end":{"line":114,"column":12}}]},"41":{"line":120,"type":"if","locations":[{"start":{"line":120,"column":12},"end":{"line":120,"column":12}},{"start":{"line":120,"column":12},"end":{"line":120,"column":12}}]},"42":{"line":128,"type":"if","locations":[{"start":{"line":128,"column":12},"end":{"line":128,"column":12}},{"start":{"line":128,"column":12},"end":{"line":128,"column":12}}]},"43":{"line":128,"type":"binary-expr","locations":[{"start":{"line":128,"column":16},"end":{"line":128,"column":41}},{"start":{"line":128,"column":45},"end":{"line":128,"column":80}}]},"44":{"line":132,"type":"if","locations":[{"start":{"line":132,"column":20},"end":{"line":132,"column":20}},{"start":{"line":132,"column":20},"end":{"line":132,"column":20}}]},"45":{"line":135,"type":"if","locations":[{"start":{"line":135,"column":20},"end":{"line":135,"column":20}},{"start":{"line":135,"column":20},"end":{"line":135,"column":20}}]},"46":{"line":148,"type":"if","locations":[{"start":{"line":148,"column":8},"end":{"line":148,"column":8}},{"start":{"line":148,"column":8},"end":{"line":148,"column":8}}]},"47":{"line":151,"type":"if","locations":[{"start":{"line":151,"column":8},"end":{"line":151,"column":8}},{"start":{"line":151,"column":8},"end":{"line":151,"column":8}}]},"48":{"line":154,"type":"if","locations":[{"start":{"line":154,"column":8},"end":{"line":154,"column":8}},{"start":{"line":154,"column":8},"end":{"line":154,"column":8}}]},"49":{"line":154,"type":"binary-expr","locations":[{"start":{"line":154,"column":12},"end":{"line":154,"column":29}},{"start":{"line":154,"column":33},"end":{"line":154,"column":48}}]},"50":{"line":160,"type":"if","locations":[{"start":{"line":160,"column":8},"end":{"line":160,"column":8}},{"start":{"line":160,"column":8},"end":{"line":160,"column":8}}]},"51":{"line":160,"type":"binary-expr","locations":[{"start":{"line":160,"column":12},"end":{"line":160,"column":24}},{"start":{"line":160,"column":28},"end":{"line":160,"column":38}}]},"52":{"line":170,"type":"if","locations":[{"start":{"line":170,"column":12},"end":{"line":170,"column":12}},{"start":{"line":170,"column":12},"end":{"line":170,"column":12}}]},"53":{"line":181,"type":"if","locations":[{"start":{"line":181,"column":8},"end":{"line":181,"column":8}},{"start":{"line":181,"column":8},"end":{"line":181,"column":8}}]},"54":{"line":181,"type":"binary-expr","locations":[{"start":{"line":181,"column":12},"end":{"line":181,"column":26}},{"start":{"line":181,"column":30},"end":{"line":181,"column":42}}]},"55":{"line":185,"type":"if","locations":[{"start":{"line":185,"column":8},"end":{"line":185,"column":8}},{"start":{"line":185,"column":8},"end":{"line":185,"column":8}}]},"56":{"line":185,"type":"binary-expr","locations":[{"start":{"line":185,"column":12},"end":{"line":185,"column":30}},{"start":{"line":185,"column":34},"end":{"line":185,"column":50}}]},"57":{"line":195,"type":"if","locations":[{"start":{"line":195,"column":12},"end":{"line":195,"column":12}},{"start":{"line":195,"column":12},"end":{"line":195,"column":12}}]},"58":{"line":198,"type":"cond-expr","locations":[{"start":{"line":198,"column":57},"end":{"line":198,"column":61}},{"start":{"line":198,"column":64},"end":{"line":198,"column":88}}]},"59":{"line":202,"type":"if","locations":[{"start":{"line":202,"column":12},"end":{"line":202,"column":12}},{"start":{"line":202,"column":12},"end":{"line":202,"column":12}}]},"60":{"line":209,"type":"if","locations":[{"start":{"line":209,"column":8},"end":{"line":209,"column":8}},{"start":{"line":209,"column":8},"end":{"line":209,"column":8}}]},"61":{"line":227,"type":"if","locations":[{"start":{"line":227,"column":8},"end":{"line":227,"column":8}},{"start":{"line":227,"column":8},"end":{"line":227,"column":8}}]},"62":{"line":231,"type":"if","locations":[{"start":{"line":231,"column":8},"end":{"line":231,"column":8}},{"start":{"line":231,"column":8},"end":{"line":231,"column":8}}]},"63":{"line":243,"type":"if","locations":[{"start":{"line":243,"column":12},"end":{"line":243,"column":12}},{"start":{"line":243,"column":12},"end":{"line":243,"column":12}}]},"64":{"line":246,"type":"if","locations":[{"start":{"line":246,"column":17},"end":{"line":246,"column":17}},{"start":{"line":246,"column":17},"end":{"line":246,"column":17}}]},"65":{"line":246,"type":"binary-expr","locations":[{"start":{"line":246,"column":22},"end":{"line":246,"column":29}},{"start":{"line":246,"column":35},"end":{"line":246,"column":43}}]},"66":{"line":259,"type":"if","locations":[{"start":{"line":259,"column":8},"end":{"line":259,"column":8}},{"start":{"line":259,"column":8},"end":{"line":259,"column":8}}]},"67":{"line":261,"type":"if","locations":[{"start":{"line":261,"column":12},"end":{"line":261,"column":12}},{"start":{"line":261,"column":12},"end":{"line":261,"column":12}}]},"68":{"line":261,"type":"binary-expr","locations":[{"start":{"line":261,"column":16},"end":{"line":261,"column":30}},{"start":{"line":261,"column":34},"end":{"line":261,"column":56}}]},"69":{"line":267,"type":"if","locations":[{"start":{"line":267,"column":12},"end":{"line":267,"column":12}},{"start":{"line":267,"column":12},"end":{"line":267,"column":12}}]},"70":{"line":279,"type":"if","locations":[{"start":{"line":279,"column":8},"end":{"line":279,"column":8}},{"start":{"line":279,"column":8},"end":{"line":279,"column":8}}]},"71":{"line":284,"type":"if","locations":[{"start":{"line":284,"column":12},"end":{"line":284,"column":12}},{"start":{"line":284,"column":12},"end":{"line":284,"column":12}}]},"72":{"line":286,"type":"if","locations":[{"start":{"line":286,"column":16},"end":{"line":286,"column":16}},{"start":{"line":286,"column":16},"end":{"line":286,"column":16}}]},"73":{"line":295,"type":"if","locations":[{"start":{"line":295,"column":12},"end":{"line":295,"column":12}},{"start":{"line":295,"column":12},"end":{"line":295,"column":12}}]},"74":{"line":299,"type":"if","locations":[{"start":{"line":299,"column":12},"end":{"line":299,"column":12}},{"start":{"line":299,"column":12},"end":{"line":299,"column":12}}]},"75":{"line":303,"type":"if","locations":[{"start":{"line":303,"column":16},"end":{"line":303,"column":16}},{"start":{"line":303,"column":16},"end":{"line":303,"column":16}}]},"76":{"line":304,"type":"if","locations":[{"start":{"line":304,"column":20},"end":{"line":304,"column":20}},{"start":{"line":304,"column":20},"end":{"line":304,"column":20}}]},"77":{"line":304,"type":"binary-expr","locations":[{"start":{"line":304,"column":24},"end":{"line":304,"column":40}},{"start":{"line":304,"column":44},"end":{"line":304,"column":66}}]},"78":{"line":305,"type":"if","locations":[{"start":{"line":305,"column":24},"end":{"line":305,"column":24}},{"start":{"line":305,"column":24},"end":{"line":305,"column":24}}]},"79":{"line":317,"type":"if","locations":[{"start":{"line":317,"column":8},"end":{"line":317,"column":8}},{"start":{"line":317,"column":8},"end":{"line":317,"column":8}}]},"80":{"line":317,"type":"binary-expr","locations":[{"start":{"line":317,"column":12},"end":{"line":317,"column":23}},{"start":{"line":317,"column":27},"end":{"line":317,"column":49}},{"start":{"line":317,"column":53},"end":{"line":317,"column":72}}]},"81":{"line":318,"type":"if","locations":[{"start":{"line":318,"column":12},"end":{"line":318,"column":12}},{"start":{"line":318,"column":12},"end":{"line":318,"column":12}}]},"82":{"line":318,"type":"binary-expr","locations":[{"start":{"line":318,"column":16},"end":{"line":318,"column":35}},{"start":{"line":318,"column":39},"end":{"line":318,"column":50}}]},"83":{"line":327,"type":"if","locations":[{"start":{"line":327,"column":12},"end":{"line":327,"column":12}},{"start":{"line":327,"column":12},"end":{"line":327,"column":12}}]},"84":{"line":331,"type":"if","locations":[{"start":{"line":331,"column":12},"end":{"line":331,"column":12}},{"start":{"line":331,"column":12},"end":{"line":331,"column":12}}]},"85":{"line":331,"type":"binary-expr","locations":[{"start":{"line":331,"column":16},"end":{"line":331,"column":29}},{"start":{"line":331,"column":33},"end":{"line":331,"column":57}},{"start":{"line":331,"column":61},"end":{"line":331,"column":82}}]},"86":{"line":333,"type":"if","locations":[{"start":{"line":333,"column":16},"end":{"line":333,"column":16}},{"start":{"line":333,"column":16},"end":{"line":333,"column":16}}]},"87":{"line":333,"type":"binary-expr","locations":[{"start":{"line":333,"column":20},"end":{"line":333,"column":41}},{"start":{"line":333,"column":45},"end":{"line":333,"column":58}}]},"88":{"line":335,"type":"if","locations":[{"start":{"line":335,"column":20},"end":{"line":335,"column":20}},{"start":{"line":335,"column":20},"end":{"line":335,"column":20}}]},"89":{"line":335,"type":"binary-expr","locations":[{"start":{"line":335,"column":24},"end":{"line":335,"column":44}},{"start":{"line":335,"column":48},"end":{"line":335,"column":60}}]},"90":{"line":337,"type":"if","locations":[{"start":{"line":337,"column":24},"end":{"line":337,"column":24}},{"start":{"line":337,"column":24},"end":{"line":337,"column":24}}]},"91":{"line":346,"type":"if","locations":[{"start":{"line":346,"column":16},"end":{"line":346,"column":16}},{"start":{"line":346,"column":16},"end":{"line":346,"column":16}}]},"92":{"line":350,"type":"if","locations":[{"start":{"line":350,"column":17},"end":{"line":350,"column":17}},{"start":{"line":350,"column":17},"end":{"line":350,"column":17}}]},"93":{"line":350,"type":"binary-expr","locations":[{"start":{"line":350,"column":21},"end":{"line":350,"column":34}},{"start":{"line":350,"column":38},"end":{"line":350,"column":62}},{"start":{"line":351,"column":19},"end":{"line":351,"column":39}}]},"94":{"line":353,"type":"if","locations":[{"start":{"line":353,"column":20},"end":{"line":353,"column":20}},{"start":{"line":353,"column":20},"end":{"line":353,"column":20}}]},"95":{"line":357,"type":"if","locations":[{"start":{"line":357,"column":20},"end":{"line":357,"column":20}},{"start":{"line":357,"column":20},"end":{"line":357,"column":20}}]},"96":{"line":359,"type":"if","locations":[{"start":{"line":359,"column":24},"end":{"line":359,"column":24}},{"start":{"line":359,"column":24},"end":{"line":359,"column":24}}]},"97":{"line":359,"type":"binary-expr","locations":[{"start":{"line":359,"column":28},"end":{"line":359,"column":54}},{"start":{"line":359,"column":58},"end":{"line":359,"column":76}}]},"98":{"line":361,"type":"if","locations":[{"start":{"line":361,"column":28},"end":{"line":361,"column":28}},{"start":{"line":361,"column":28},"end":{"line":361,"column":28}}]},"99":{"line":361,"type":"binary-expr","locations":[{"start":{"line":361,"column":32},"end":{"line":361,"column":52}},{"start":{"line":361,"column":56},"end":{"line":361,"column":68}}]},"100":{"line":363,"type":"if","locations":[{"start":{"line":363,"column":32},"end":{"line":363,"column":32}},{"start":{"line":363,"column":32},"end":{"line":363,"column":32}}]},"101":{"line":372,"type":"if","locations":[{"start":{"line":372,"column":24},"end":{"line":372,"column":24}},{"start":{"line":372,"column":24},"end":{"line":372,"column":24}}]},"102":{"line":382,"type":"binary-expr","locations":[{"start":{"line":382,"column":37},"end":{"line":382,"column":55}},{"start":{"line":382,"column":59},"end":{"line":382,"column":73}}]},"103":{"line":385,"type":"if","locations":[{"start":{"line":385,"column":8},"end":{"line":385,"column":8}},{"start":{"line":385,"column":8},"end":{"line":385,"column":8}}]},"104":{"line":392,"type":"if","locations":[{"start":{"line":392,"column":8},"end":{"line":392,"column":8}},{"start":{"line":392,"column":8},"end":{"line":392,"column":8}}]},"105":{"line":394,"type":"if","locations":[{"start":{"line":394,"column":8},"end":{"line":394,"column":8}},{"start":{"line":394,"column":8},"end":{"line":394,"column":8}}]},"106":{"line":396,"type":"if","locations":[{"start":{"line":396,"column":8},"end":{"line":396,"column":8}},{"start":{"line":396,"column":8},"end":{"line":396,"column":8}}]},"107":{"line":399,"type":"if","locations":[{"start":{"line":399,"column":8},"end":{"line":399,"column":8}},{"start":{"line":399,"column":8},"end":{"line":399,"column":8}}]},"108":{"line":399,"type":"binary-expr","locations":[{"start":{"line":399,"column":12},"end":{"line":399,"column":24}},{"start":{"line":399,"column":28},"end":{"line":399,"column":38}}]},"109":{"line":436,"type":"if","locations":[{"start":{"line":436,"column":8},"end":{"line":436,"column":8}},{"start":{"line":436,"column":8},"end":{"line":436,"column":8}}]},"110":{"line":439,"type":"if","locations":[{"start":{"line":439,"column":8},"end":{"line":439,"column":8}},{"start":{"line":439,"column":8},"end":{"line":439,"column":8}}]},"111":{"line":439,"type":"binary-expr","locations":[{"start":{"line":439,"column":12},"end":{"line":439,"column":30}},{"start":{"line":439,"column":34},"end":{"line":439,"column":50}}]},"112":{"line":445,"type":"if","locations":[{"start":{"line":445,"column":8},"end":{"line":445,"column":8}},{"start":{"line":445,"column":8},"end":{"line":445,"column":8}}]},"113":{"line":445,"type":"binary-expr","locations":[{"start":{"line":445,"column":12},"end":{"line":445,"column":16}},{"start":{"line":445,"column":20},"end":{"line":445,"column":41}}]},"114":{"line":465,"type":"if","locations":[{"start":{"line":465,"column":8},"end":{"line":465,"column":8}},{"start":{"line":465,"column":8},"end":{"line":465,"column":8}}]},"115":{"line":469,"type":"cond-expr","locations":[{"start":{"line":469,"column":57},"end":{"line":469,"column":63}},{"start":{"line":469,"column":66},"end":{"line":469,"column":71}}]},"116":{"line":469,"type":"binary-expr","locations":[{"start":{"line":469,"column":25},"end":{"line":469,"column":36}},{"start":{"line":469,"column":40},"end":{"line":469,"column":54}}]},"117":{"line":470,"type":"if","locations":[{"start":{"line":470,"column":8},"end":{"line":470,"column":8}},{"start":{"line":470,"column":8},"end":{"line":470,"column":8}}]},"118":{"line":470,"type":"binary-expr","locations":[{"start":{"line":470,"column":12},"end":{"line":470,"column":45}},{"start":{"line":470,"column":49},"end":{"line":470,"column":71}}]},"119":{"line":474,"type":"if","locations":[{"start":{"line":474,"column":8},"end":{"line":474,"column":8}},{"start":{"line":474,"column":8},"end":{"line":474,"column":8}}]},"120":{"line":486,"type":"if","locations":[{"start":{"line":486,"column":12},"end":{"line":486,"column":12}},{"start":{"line":486,"column":12},"end":{"line":486,"column":12}}]},"121":{"line":493,"type":"if","locations":[{"start":{"line":493,"column":12},"end":{"line":493,"column":12}},{"start":{"line":493,"column":12},"end":{"line":493,"column":12}}]},"122":{"line":500,"type":"if","locations":[{"start":{"line":500,"column":8},"end":{"line":500,"column":8}},{"start":{"line":500,"column":8},"end":{"line":500,"column":8}}]},"123":{"line":506,"type":"if","locations":[{"start":{"line":506,"column":8},"end":{"line":506,"column":8}},{"start":{"line":506,"column":8},"end":{"line":506,"column":8}}]}},"code":["\"use strict\";","var __decorate = (this && this.__decorate) || function (decorators, target, key, desc) {","    var c = arguments.length, r = c < 3 ? target : desc === null ? desc = Object.getOwnPropertyDescriptor(target, key) : desc, d;","    if (typeof Reflect === \"object\" && typeof Reflect.decorate === \"function\") r = Reflect.decorate(decorators, target, key, desc);","    else for (var i = decorators.length - 1; i >= 0; i--) if (d = decorators[i]) r = (c < 3 ? d(r) : c > 3 ? d(target, key, r) : d(target, key)) || r;","    return c > 3 && r && Object.defineProperty(target, key, r), r;","};","var __metadata = (this && this.__metadata) || function (k, v) {","    if (typeof Reflect === \"object\" && typeof Reflect.metadata === \"function\") return Reflect.metadata(k, v);","};","require('rxjs/add/operator/map');","var core_1 = require('angular2/core');","var Request_1 = require('./Request');","var Rx_1 = require('rxjs/Rx');","var ODatabase = (function () {","    function ODatabase(databasePath) {","        this.getObjectFromLinksMap = function (obj, linkMap) {","            for (var field in obj) {","                if (!obj.hasOwnProperty(field)) {","                    continue;","                }","                var value = obj[field];","                if (typeof value == 'object') {","                    this.getObjectFromLinksMap(value, linkMap);","                }","                else {","                    if (field != '@rid' && value.length > 0","                        && value.charAt(0) == '#' && linkMap[value] != null) {","                        obj[field] = linkMap[value];","                    }","                }","            }","            return obj;","        };","        this.putObjectInLinksMap = function (obj, linkMap) {","            for (var field in obj) {","                if (!obj.hasOwnProperty(field)) {","                    continue;","                }","                var value = obj[field];","                if (typeof value == 'object') {","                    this.putObjectInLinksMap(value, linkMap);","                }","                else {","                    if (field == '@rid' && value.length > 0","                        && linkMap.hasOwnProperty(value)","                        && linkMap[value] === null) {","                        linkMap[\"foo\"] = 2;","                        linkMap[value] = obj;","                    }","                }","            }","            return linkMap;","        };","        this.getRidWithPound = function (rid) {","            if (rid.indexOf('#', 0) > -1) {","                return rid;","            }","            else {","                return '#' + rid;","            }","        };","        this.removeCircleReferencesPopulateMap = function (obj, linkMap) {","            for (var field in obj) {","                if (!obj.hasOwnProperty(field)) {","                    continue;","                }","                var value = obj[field];","                if (value != null && typeof value == 'object' && !Array.isArray(value)) {","                    if (value['@rid'] != null && value['@rid']) {","                        var rid = this.getRidWithPound(value['@rid']);","                        if (linkMap[rid] == null || !linkMap[rid]) {","                            linkMap[rid] = value;","                        }","                        linkMap = this.removeCircleReferencesPopulateMap(value, linkMap);","                    }","                }","                else if (value != null && typeof value == 'object'","                    && Array.isArray(value)) {","                    for (var i in value) {","                        if (!value.hasOwnProperty(i)) {","                            continue;","                        }","                        var arrayValue = value[i];","                        if (arrayValue != null && typeof arrayValue == 'object') {","                            if (arrayValue['@rid'] != null && arrayValue['@rid']) {","                                var rid = this.getRidWithPound(arrayValue['@rid']);","                                if (linkMap[rid] == null || !linkMap[rid]) {","                                    linkMap[rid] = arrayValue;","                                }","                            }","                            linkMap = this.removeCircleReferencesPopulateMap(arrayValue, linkMap);","                        }","                    }","                }","            }","            return linkMap;","        };","        this.databaseUrl = \"\";","        this.databaseName = \"\";","        this.encodedDatabaseName = \"\";","        this.databaseInfo = null;","        this.commandResult = null;","        this.commandResponse = null;","        this.errorMessage = null;","        this.evalResponse = true;","        this.parseResponseLink = true;","        this.removeObjectCircleReferences = true;","        this.urlPrefix = \"/\";","        this.urlSuffix = \"\";","        this.request = new Request_1.Request();","        if (databasePath) {","            var pos = databasePath.indexOf('orientdb_proxy', 8);","            if (pos > -1) {","                pos = databasePath.indexOf('/', pos);","            }","            else {","                pos = databasePath.indexOf('/', 8);","            }","            if (pos > -1) {","                this.databaseUrl = databasePath.substring(0, pos + 1);","                this.databaseName = databasePath.substring(pos + 1);","            }","            else {","                this.databaseUrl = databasePath;","                this.databaseName = null;","            }","            if (this.databaseName != null && this.databaseName.indexOf('/') > -1) {","                this.encodedDatabaseName = \"\";","                var parts = this.databaseName.split('/');","                for (var p in parts) {","                    if (!parts.hasOwnProperty(p)) {","                        continue;","                    }","                    if (this.encodedDatabaseName.length > 0) {","                        this.encodedDatabaseName += '$';","                    }","                    this.encodedDatabaseName += parts[p];","                }","            }","            else {","                this.encodedDatabaseName = this.databaseName;","            }","        }","    }","    ODatabase.prototype.open = function (userName, userPass, authProxy, type) {","        var _this = this;","        if (userName == null) {","            userName = '';","        }","        if (userPass == null) {","            userPass = '';","        }","        if (authProxy != null && authProxy != '') {","            this.urlPrefix = this.databaseUrl + authProxy + \"/\";","        }","        else {","            this.urlPrefix = this.databaseUrl;","        }","        if (type == null || type == '') {","            type = 'GET';","        }","        this.request.basicAuth(userName, userPass);","        return this.request.httpRequest({","            url: this.urlPrefix + 'database/' + this.encodedDatabaseName + this.urlSuffix,","            type: \"get\"","        })","            .then(function (res) {","            _this.setErrorMessage(null);","            if (res) {","                _this.setDatabaseInfo(_this.transformResponse(res));","            }","            return _this.getDatabaseInfo();","        }, function (error) {","            _this.setDatabaseInfo(null);","            _this.setErrorMessage('Connect error: ' + error.responseText);","        });","    };","    ODatabase.prototype.query = function (iQuery, iLimit, iFetchPlan, successCallback, errorCallback) {","        var _this = this;","        if (iLimit == null || iLimit == '') {","            iLimit = '20';","        }","        var url = 'query/' + this.encodedDatabaseName + '/sql/' + encodeURIComponent(iQuery) + '/' + iLimit;","        if (iFetchPlan != null && iFetchPlan != '') {","            url += '/' + encodeURIComponent(iFetchPlan);","        }","        return this.request.httpRequest({","            url: this.urlPrefix + url + this.urlSuffix,","            type: \"get\"","        })","            .then(function (res) {","            _this.setErrorMessage(null);","            _this.handleResponse(res);","            if (successCallback) {","                successCallback(_this.commandResult);","            }","            return successCallback instanceof Function ? null : _this.getCommandResult();","        }).catch(function (error) {","            _this.handleResponse(null);","            _this.setErrorMessage('Query error: ' + error.responseText);","            if (errorCallback) {","                errorCallback(_this.errorMessage);","            }","        });","    };","    ODatabase.prototype.close = function () {","        var _this = this;","        if (this.databaseInfo != null) {","            return this.request.httpRequest({","                url: this.urlPrefix + 'disconnect' + this.urlSuffix,","                type: \"get\"","            })","                .then(function (res) {","                _this.handleResponse(res);","                _this.setErrorMessage(null);","                return _this.getCommandResult();","            }).catch(function (error) {","                _this.handleResponse(null);","                _this.setErrorMessage('Command response: '","                    + error.responseText);","            });","        }","        this.databaseInfo = null;","    };","    ODatabase.prototype.handleResponse = function (iResponse) {","        if (typeof iResponse != 'object') {","            iResponse = this.UTF8Encode(iResponse);","        }","        this.setCommandResponse(iResponse);","        if (iResponse != null) {","            this.setCommandResult(this.transformResponse(iResponse));","        }","        else {","            this.setCommandResult(null);","        }","    };","    ODatabase.prototype.UTF8Encode = function (string) {","        string = string.replace(/\\r\\n/g, \"\\n\");","        var utftext = \"\";","        for (var n = 0; n < string.length; n++) {","            var c = string.charCodeAt(n);","            if (c < 128) {","                utftext += String.fromCharCode(c);","            }","            else if ((c > 127) && (c < 2048)) {","                utftext += String.fromCharCode((c >> 6) | 192);","                utftext += String.fromCharCode((c & 63) | 128);","            }","            else {","                utftext += String.fromCharCode((c >> 12) | 224);","                utftext += String.fromCharCode(((c >> 6) & 63) | 128);","                utftext += String.fromCharCode((c & 63) | 128);","            }","        }","        return utftext;","    };","    ODatabase.prototype.transformResponse = function (msg) {","        if (this.getEvalResponse()) {","            var returnValue;","            if (msg.length > 0 && typeof msg != 'object') {","                returnValue = JSON.parse(msg);","            }","            else {","                returnValue = msg;","            }","            if (this.getParseResponseLinks()) {","                return this.parseConnections(returnValue);","            }","            else {","                return returnValue;","            }","        }","        else {","            return msg;","        }","    };","    ODatabase.prototype.parseConnections = function (obj) {","        if (typeof obj == 'object') {","            var linkMap = {","                \"foo\": 0","            };","            linkMap = this.createObjectsLinksMap(obj, linkMap);","            if (linkMap[\"foo\"] == 1) {","                linkMap = this.putObjectInLinksMap(obj, linkMap);","                if (linkMap[\"foo\"] == 2) {","                    obj = this.getObjectFromLinksMap(obj, linkMap);","                }","            }","        }","        return obj;","    };","    ODatabase.prototype.createObjectsLinksMap = function (obj, linkMap) {","        for (var field in obj) {","            if (!obj.hasOwnProperty(field)) {","                continue;","            }","            var value = obj[field];","            if (typeof value == 'object') {","                this.createObjectsLinksMap(value, linkMap);","            }","            else {","                if (typeof value == 'string') {","                    if (value.length > 0 && value.charAt(0) == '#') {","                        if (!linkMap.hasOwnProperty(value)) {","                            linkMap[\"foo\"] = 1;","                            linkMap[value] = null;","                        }","                    }","                }","            }","        }","        return linkMap;","    };","    ODatabase.prototype.removeCircleReferences = function (obj, linkMap) {","        linkMap = this.removeCircleReferencesPopulateMap(obj, linkMap);","        if (obj != null && typeof obj == 'object' && !Array.isArray(obj)) {","            if (obj['@rid'] != null && obj['@rid']) {","                var rid = this.getRidWithPound(obj['@rid']);","                linkMap[rid] = rid;","            }","        }","        this.removeCircleReferencesChangeObject(obj, linkMap);","    };","    ODatabase.prototype.removeCircleReferencesChangeObject = function (obj, linkMap) {","        for (var field in obj) {","            if (!obj.hasOwnProperty(field)) {","                continue;","            }","            var value = obj[field];","            if (value != null && typeof value == 'object' && !Array.isArray(value)) {","                var inspectObject = true;","                if (value['@rid'] != null && value['@rid']) {","                    var rid = this.getRidWithPound(value['@rid']);","                    if (linkMap[rid] != null && linkMap[rid]) {","                        var mapValue = linkMap[rid];","                        if (typeof mapValue == 'object') {","                            linkMap[rid] = rid;","                        }","                        else {","                            obj[field] = mapValue;","                            inspectObject = false;","                        }","                    }","                }","                if (inspectObject) {","                    this.removeCircleReferencesChangeObject(value, linkMap);","                }","            }","            else if (value != null && typeof value == 'object'","                && Array.isArray(value)) {","                for (var i in value) {","                    if (!value.hasOwnProperty(i)) {","                        continue;","                    }","                    var arrayValue = value[i];","                    if (typeof arrayValue == 'object') {","                        var inspectObject = true;","                        if (arrayValue['@rid'] != null && arrayValue['@rid']) {","                            var rid = this.getRidWithPound(arrayValue['@rid']);","                            if (linkMap[rid] != null && linkMap[rid]) {","                                var mapValue = linkMap[rid];","                                if (typeof mapValue == 'object') {","                                    linkMap[rid] = rid;","                                }","                                else {","                                    value[i] = mapValue;","                                    inspectObject = false;","                                }","                            }","                        }","                        if (inspectObject) {","                            this.removeCircleReferencesChangeObject(arrayValue, linkMap);","                        }","                    }","                }","            }","        }","    };","    ODatabase.prototype.handleError = function (error) {","        console.error(error);","        return Rx_1.Observable.throw(error.json().error || 'Server error');","    };","    ODatabase.prototype.getUserName = function () {","        if (!this.databaseInfo) {","            return null;","        }","        return this.databaseInfo.currentUser;","    };","    ODatabase.prototype.create = function (userName, userPass, type, databaseType) {","        var _this = this;","        if (userName == null)","            userName = '';","        if (userPass == null)","            userPass = '';","        if (databaseType == null)","            databaseType = 'document';","        this.urlPrefix = this.databaseUrl;","        if (type == null || type == '') {","            type = 'local';","        }","        return this.request.httpRequest({","            url: this.urlPrefix + 'database/' + this.encodedDatabaseName + '/'","                + type + '/' + databaseType + this.urlSuffix,","            type: \"post\",","            userName: userName,","            userPass: userPass,","        })","            .then(function (res) {","            _this.setErrorMessage(null);","            _this.setDatabaseInfo(_this.transformResponse(res));","            return _this.getDatabaseInfo();","        }).catch(function (error) {","            _this.setErrorMessage('Connect error: ' + error.responseText);","            _this.setDatabaseInfo(null);","        });","    };","    ODatabase.prototype.metadata = function () {","        var _this = this;","        return this.request.httpRequest({","            url: this.urlPrefix + 'database/' + this.encodedDatabaseName","                + this.urlSuffix,","            type: \"get\"","        })","            .then(function (res) {","            _this.setErrorMessage(null);","            _this.setDatabaseInfo(_this.transformResponse(res));","            return _this.getDatabaseInfo();","        }).catch(function (error) {","            _this.setErrorMessage('Connect error: ' + error.responseText);","            _this.setDatabaseInfo(null);","        });","    };","    ODatabase.prototype.load = function (iRID, iFetchPlan) {","        var _this = this;","        if (this.databaseInfo == null) {","            this.open();","        }","        if (iFetchPlan != null && iFetchPlan != '') {","            iFetchPlan = '/' + iFetchPlan;","        }","        else {","            iFetchPlan = '';","        }","        if (iRID && iRID.charAt(0) == '#') {","            iRID = iRID.substring(1);","        }","        iRID = encodeURIComponent(iRID);","        return this.request.httpRequest({","            url: this.urlPrefix + 'document/' + this.encodedDatabaseName + '/'","                + iRID + iFetchPlan + this.urlSuffix,","            type: \"get\",","        })","            .then(function (res) {","            _this.setErrorMessage(null);","            _this.handleResponse(res);","            return _this.getCommandResult();","        }).catch(function (error) {","            _this.handleResponse(null);","            _this.setErrorMessage('Query error: ' + error.responseText);","        });","    };","    ODatabase.prototype.save = function (obj, errorCallback, successCallback) {","        var _this = this;","        if (this.databaseInfo == null) {","            this.open();","        }","        var rid = obj['@rid'];","        var methodType = rid == null || rid == '-1:-1' ? 'POST' : 'PUT';","        if (this.removeObjectCircleReferences && typeof obj == 'object') {","            this.removeCircleReferences(obj, {});","        }","        var url = this.urlPrefix + 'document/' + this.encodedDatabaseName;","        if (rid) {","            url += '/' + encodeURIComponent(rid);","        }","        return this.request.httpRequest({","            url: url + this.urlSuffix,","            type: methodType,","            body: JSON.parse(obj)","        })","            .then(function (res) {","            _this.setErrorMessage(null);","            _this.setCommandResponse(res);","            _this.setCommandResult(res);","            if (successCallback) {","                successCallback(res);","            }","            return _this.getCommandResult();","        }).catch(function (error) {","            _this.handleResponse(null);","            _this.setErrorMessage('Save error: ' + error.responseText);","            if (errorCallback) {","                errorCallback(error.responseText);","            }","        });","    };","    ODatabase.prototype.indexPut = function (iIndexName, iKey, iValue) {","        var _this = this;","        if (this.databaseInfo == null) {","            this.open();","        }","        var req = this.urlPrefix + 'index/' + this.encodedDatabaseName + '/'","            + iIndexName + \"/\" + iKey;","        var content;","        if (typeof iValue == \"object\") {","            content = JSON.parse(iValue);","        }","        else {","            req += \"/\" + iValue;","            content = null;","        }","        return this.request.httpRequest({","            url: req + this.urlSuffix,","            type: \"put\"","        })","            .then(function (res) {","            _this.setErrorMessage(null);","            return _this.getCommandResult();","        }).catch(function (error) {","            _this.handleResponse(null);","            _this.setErrorMessage('Index put error: ' + error.responseText);","        });","    };","    ODatabase.prototype.getDatabaseInfo = function () {","        return this.databaseInfo;","    };","    ODatabase.prototype.setDatabaseInfo = function (iDatabaseInfo) {","        this.databaseInfo = iDatabaseInfo;","    };","    ODatabase.prototype.getCommandResult = function () {","        return this.commandResult;","    };","    ODatabase.prototype.setCommandResult = function (iCommandResult) {","        this.commandResult = iCommandResult;","    };","    ODatabase.prototype.setCommandResponse = function (iCommandResponse) {","        this.commandResponse = iCommandResponse;","    };","    ODatabase.prototype.setErrorMessage = function (iErrorMessage) {","        this.errorMessage = iErrorMessage;","    };","    ODatabase.prototype.getEvalResponse = function () {","        return this.evalResponse;","    };","    ODatabase.prototype.getParseResponseLinks = function () {","        return this.parseResponseLink;","    };","    ODatabase = __decorate([","        core_1.Injectable(), ","        __metadata('design:paramtypes', [String])","    ], ODatabase);","    return ODatabase;","}());","exports.ODatabase = ODatabase;",""],"l":{"2":1,"3":1,"4":1,"5":0,"6":1,"8":1,"9":1,"11":1,"12":1,"13":1,"14":1,"15":1,"16":1,"17":10,"18":0,"19":0,"20":0,"22":0,"23":0,"24":0,"27":0,"29":0,"33":0,"35":10,"36":0,"37":0,"38":0,"40":0,"41":0,"42":0,"45":0,"48":0,"49":0,"53":0,"55":10,"56":0,"57":0,"60":0,"63":10,"64":0,"65":0,"66":0,"68":0,"69":0,"70":0,"71":0,"72":0,"73":0,"75":0,"78":0,"80":0,"81":0,"82":0,"84":0,"85":0,"86":0,"87":0,"88":0,"89":0,"92":0,"97":0,"99":10,"100":10,"101":10,"102":10,"103":10,"104":10,"105":10,"106":10,"107":10,"108":10,"109":10,"110":10,"111":10,"112":10,"113":10,"114":10,"115":0,"118":10,"120":10,"121":10,"122":10,"125":0,"126":0,"128":10,"129":0,"130":0,"131":0,"132":0,"133":0,"135":0,"136":0,"138":0,"142":10,"146":1,"147":3,"148":3,"149":0,"151":3,"152":0,"154":3,"155":0,"158":3,"160":3,"161":3,"163":3,"164":3,"169":0,"170":0,"171":0,"173":0,"175":3,"176":3,"179":1,"180":0,"181":0,"182":0,"184":0,"185":0,"186":0,"188":0,"193":0,"194":0,"195":0,"196":0,"198":0,"200":0,"201":0,"202":0,"203":0,"207":1,"208":0,"209":0,"210":0,"215":0,"216":0,"217":0,"219":0,"220":0,"224":0,"226":1,"227":0,"228":0,"230":0,"231":0,"232":0,"235":0,"238":1,"239":0,"240":0,"241":0,"242":0,"243":0,"244":0,"246":0,"247":0,"248":0,"251":0,"252":0,"253":0,"256":0,"258":1,"259":0,"260":0,"261":0,"262":0,"265":0,"267":0,"268":0,"271":0,"275":0,"278":1,"279":0,"280":0,"283":0,"284":0,"285":0,"286":0,"287":0,"291":0,"293":1,"294":0,"295":0,"296":0,"298":0,"299":0,"300":0,"303":0,"304":0,"305":0,"306":0,"307":0,"313":0,"315":1,"316":0,"317":0,"318":0,"319":0,"320":0,"323":0,"325":1,"326":0,"327":0,"328":0,"330":0,"331":0,"332":0,"333":0,"334":0,"335":0,"336":0,"337":0,"338":0,"341":0,"342":0,"346":0,"347":0,"350":0,"352":0,"353":0,"354":0,"356":0,"357":0,"358":0,"359":0,"360":0,"361":0,"362":0,"363":0,"364":0,"367":0,"368":0,"372":0,"373":0,"380":1,"381":0,"382":0,"384":1,"385":0,"386":0,"388":0,"390":1,"391":0,"392":0,"393":0,"394":0,"395":0,"396":0,"397":0,"398":0,"399":0,"400":0,"402":0,"410":0,"411":0,"412":0,"414":0,"415":0,"418":1,"419":0,"420":0,"426":0,"427":0,"428":0,"430":0,"431":0,"434":1,"435":0,"436":0,"437":0,"439":0,"440":0,"443":0,"445":0,"446":0,"448":0,"449":0,"455":0,"456":0,"457":0,"459":0,"460":0,"463":1,"464":0,"465":0,"466":0,"468":0,"469":0,"470":0,"471":0,"473":0,"474":0,"475":0,"477":0,"483":0,"484":0,"485":0,"486":0,"487":0,"489":0,"491":0,"492":0,"493":0,"494":0,"498":1,"499":0,"500":0,"501":0,"503":0,"505":0,"506":0,"507":0,"510":0,"511":0,"513":0,"518":0,"519":0,"521":0,"522":0,"525":1,"526":0,"528":1,"529":3,"531":1,"532":0,"534":1,"535":0,"537":1,"538":0,"540":1,"541":3,"543":1,"544":0,"546":1,"547":0,"549":1,"553":1,"555":1}},
"/home/dima/SMSC-master/modules/admin/src/Service/Request.ts":{"path":"/home/dima/SMSC-master/modules/admin/src/Service/Request.ts","s":{"1":1,"2":1,"3":1,"4":3,"5":3,"6":1,"7":3,"8":3,"9":3,"10":3,"11":0,"12":0,"13":0,"14":0,"15":0,"16":0,"17":0,"18":0,"19":1,"20":1},"b":{"1":[0,0]},"f":{"1":1,"2":10,"3":3,"4":3,"5":3,"6":0},"fnMap":{"1":{"name":"(anonymous_1)","line":2,"loc":{"start":{"line":2,"column":15},"end":{"line":2,"column":27}}},"2":{"name":"Request","line":3,"loc":{"start":{"line":3,"column":4},"end":{"line":3,"column":23}}},"3":{"name":"(anonymous_3)","line":5,"loc":{"start":{"line":5,"column":34},"end":{"line":5,"column":64}}},"4":{"name":"(anonymous_4)","line":9,"loc":{"start":{"line":9,"column":36},"end":{"line":9,"column":55}}},"5":{"name":"(anonymous_5)","line":11,"loc":{"start":{"line":11,"column":27},"end":{"line":11,"column":54}}},"6":{"name":"(anonymous_6)","line":18,"loc":{"start":{"line":18,"column":25},"end":{"line":18,"column":37}}}},"statementMap":{"1":{"start":{"line":2,"column":0},"end":{"line":30,"column":5}},"2":{"start":{"line":3,"column":4},"end":{"line":4,"column":5}},"3":{"start":{"line":5,"column":4},"end":{"line":8,"column":6}},"4":{"start":{"line":6,"column":8},"end":{"line":6,"column":33}},"5":{"start":{"line":7,"column":8},"end":{"line":7,"column":33}},"6":{"start":{"line":9,"column":4},"end":{"line":28,"column":6}},"7":{"start":{"line":10,"column":8},"end":{"line":10,"column":25}},"8":{"start":{"line":11,"column":8},"end":{"line":27,"column":11}},"9":{"start":{"line":12,"column":12},"end":{"line":12,"column":43}},"10":{"start":{"line":13,"column":12},"end":{"line":13,"column":50}},"11":{"start":{"line":14,"column":12},"end":{"line":14,"column":90}},"12":{"start":{"line":15,"column":12},"end":{"line":15,"column":69}},"13":{"start":{"line":16,"column":12},"end":{"line":17,"column":61}},"14":{"start":{"line":18,"column":12},"end":{"line":25,"column":14}},"15":{"start":{"line":19,"column":16},"end":{"line":24,"column":17}},"16":{"start":{"line":20,"column":20},"end":{"line":20,"column":46}},"17":{"start":{"line":23,"column":20},"end":{"line":23,"column":54}},"18":{"start":{"line":26,"column":12},"end":{"line":26,"column":35}},"19":{"start":{"line":29,"column":4},"end":{"line":29,"column":19}},"20":{"start":{"line":31,"column":0},"end":{"line":31,"column":26}}},"branchMap":{"1":{"line":19,"type":"if","locations":[{"start":{"line":19,"column":16},"end":{"line":19,"column":16}},{"start":{"line":19,"column":16},"end":{"line":19,"column":16}}]}},"code":["'use strict';","var Request = (function () {","    function Request() {","    }","    Request.prototype.basicAuth = function (userName, userPass) {","        this.userName = userName;","        this.userPass = userPass;","    };","    Request.prototype.httpRequest = function (options) {","        var _this = this;","        return new Promise(function (resolve, reject) {","            var xhr = new XMLHttpRequest();","            xhr.getResponseHeader('Content-Type');","            xhr.open(options.type, options.url, true, options.userName, options.userPass);","            xhr.setRequestHeader('Content-Type', 'application/json');","            xhr.setRequestHeader('Authorization', 'Basic ' +","                btoa(_this.userName + ':' + _this.userPass));","            xhr.onload = function () {","                if (xhr.status === 200) {","                    resolve(xhr.responseText);","                }","                else {","                    reject(new Error(xhr.statusText));","                }","            };","            xhr.send(options.body);","        });","    };","    return Request;","}());","exports.Request = Request;",""],"l":{"2":1,"3":1,"5":1,"6":3,"7":3,"9":1,"10":3,"11":3,"12":3,"13":3,"14":0,"15":0,"16":0,"18":0,"19":0,"20":0,"23":0,"26":0,"29":1,"31":1}},
"/home/dima/SMSC-master/modules/admin/src/Service/Mock.ts":{"path":"/home/dima/SMSC-master/modules/admin/src/Service/Mock.ts","s":{"1":1,"2":1,"3":1,"4":7,"5":7,"6":294,"7":7,"8":1,"9":1},"b":{"1":[7,0],"2":[7,7]},"f":{"1":1,"2":0,"3":7},"fnMap":{"1":{"name":"(anonymous_1)","line":2,"loc":{"start":{"line":2,"column":12},"end":{"line":2,"column":24}}},"2":{"name":"Mock","line":3,"loc":{"start":{"line":3,"column":4},"end":{"line":3,"column":20}}},"3":{"name":"(anonymous_3)","line":5,"loc":{"start":{"line":5,"column":16},"end":{"line":5,"column":40}}}},"statementMap":{"1":{"start":{"line":2,"column":0},"end":{"line":14,"column":5}},"2":{"start":{"line":3,"column":4},"end":{"line":4,"column":5}},"3":{"start":{"line":5,"column":4},"end":{"line":11,"column":6}},"4":{"start":{"line":6,"column":8},"end":{"line":6,"column":22}},"5":{"start":{"line":7,"column":8},"end":{"line":9,"column":9}},"6":{"start":{"line":8,"column":12},"end":{"line":8,"column":27}},"7":{"start":{"line":10,"column":8},"end":{"line":10,"column":81}},"8":{"start":{"line":13,"column":4},"end":{"line":13,"column":16}},"9":{"start":{"line":15,"column":0},"end":{"line":15,"column":20}}},"branchMap":{"1":{"line":10,"type":"cond-expr","locations":[{"start":{"line":10,"column":33},"end":{"line":10,"column":75}},{"start":{"line":10,"column":78},"end":{"line":10,"column":80}}]},"2":{"line":10,"type":"binary-expr","locations":[{"start":{"line":10,"column":54},"end":{"line":10,"column":58}},{"start":{"line":10,"column":62},"end":{"line":10,"column":68}}]}},"code":["\"use strict\";","var Mock = (function () {","    function Mock() {","    }","    Mock.mock = function (constr, name) {","        var keys = [];","        for (var key in constr) {","            keys.push(key);","        }","        return keys.length > 0 ? jasmine.createSpyObj(name || \"mock\", keys) : {};","    };","    ;","    return Mock;","}());","exports.Mock = Mock;",""],"l":{"2":1,"3":1,"5":1,"6":7,"7":7,"8":294,"10":7,"13":1,"15":1}},
"/home/dima/SMSC-master/modules/admin/src/app/login.ts":{"path":"/home/dima/SMSC-master/modules/admin/src/app/login.ts","s":{"1":1,"2":1,"3":1,"4":1,"5":0,"6":0,"7":0,"8":1,"9":1,"10":1,"11":1,"12":1,"13":1,"14":1,"15":1,"16":1,"17":2,"18":2,"19":1,"20":0,"21":0,"22":0,"23":0,"24":0,"25":0,"26":1,"27":0,"28":0,"29":0,"30":1,"31":1,"32":1},"b":{"1":[1,1,1],"2":[1,0],"3":[0,0],"4":[1,0],"5":[1,1],"6":[0,0],"7":[0,0],"8":[0,0],"9":[0,0],"10":[1,0,0],"11":[1,1,1],"12":[1,0],"13":[1,1],"14":[0,0],"15":[0,0],"16":[0,0],"17":[0,0]},"f":{"1":1,"2":1,"3":1,"4":2,"5":0,"6":0,"7":0},"fnMap":{"1":{"name":"(anonymous_1)","line":2,"loc":{"start":{"line":2,"column":46},"end":{"line":2,"column":87}}},"2":{"name":"(anonymous_2)","line":8,"loc":{"start":{"line":8,"column":46},"end":{"line":8,"column":62}}},"3":{"name":"(anonymous_3)","line":14,"loc":{"start":{"line":14,"column":13},"end":{"line":14,"column":25}}},"4":{"name":"Login","line":15,"loc":{"start":{"line":15,"column":4},"end":{"line":15,"column":21}}},"5":{"name":"(anonymous_5)","line":19,"loc":{"start":{"line":19,"column":37},"end":{"line":19,"column":64}}},"6":{"name":"(anonymous_6)","line":23,"loc":{"start":{"line":23,"column":22},"end":{"line":23,"column":37}}},"7":{"name":"(anonymous_7)","line":36,"loc":{"start":{"line":36,"column":29},"end":{"line":36,"column":48}}}},"statementMap":{"1":{"start":{"line":2,"column":0},"end":{"line":7,"column":2}},"2":{"start":{"line":3,"column":4},"end":{"line":3,"column":129}},"3":{"start":{"line":4,"column":4},"end":{"line":5,"column":150}},"4":{"start":{"line":4,"column":79},"end":{"line":4,"column":131}},"5":{"start":{"line":5,"column":9},"end":{"line":5,"column":150}},"6":{"start":{"line":5,"column":58},"end":{"line":5,"column":150}},"7":{"start":{"line":5,"column":81},"end":{"line":5,"column":150}},"8":{"start":{"line":6,"column":4},"end":{"line":6,"column":66}},"9":{"start":{"line":8,"column":0},"end":{"line":10,"column":2}},"10":{"start":{"line":9,"column":4},"end":{"line":9,"column":109}},"11":{"start":{"line":9,"column":79},"end":{"line":9,"column":109}},"12":{"start":{"line":11,"column":0},"end":{"line":11,"column":38}},"13":{"start":{"line":12,"column":0},"end":{"line":12,"column":42}},"14":{"start":{"line":13,"column":0},"end":{"line":13,"column":48}},"15":{"start":{"line":14,"column":0},"end":{"line":56,"column":5}},"16":{"start":{"line":15,"column":4},"end":{"line":18,"column":5}},"17":{"start":{"line":16,"column":8},"end":{"line":16,"column":90}},"18":{"start":{"line":17,"column":8},"end":{"line":17,"column":45}},"19":{"start":{"line":19,"column":4},"end":{"line":35,"column":6}},"20":{"start":{"line":20,"column":8},"end":{"line":34,"column":9}},"21":{"start":{"line":21,"column":12},"end":{"line":30,"column":15}},"22":{"start":{"line":24,"column":16},"end":{"line":29,"column":17}},"23":{"start":{"line":25,"column":20},"end":{"line":25,"column":49}},"24":{"start":{"line":28,"column":20},"end":{"line":28,"column":45}},"25":{"start":{"line":33,"column":12},"end":{"line":33,"column":40}},"26":{"start":{"line":36,"column":4},"end":{"line":44,"column":6}},"27":{"start":{"line":37,"column":8},"end":{"line":43,"column":9}},"28":{"start":{"line":38,"column":12},"end":{"line":39,"column":57}},"29":{"start":{"line":42,"column":12},"end":{"line":42,"column":27}},"30":{"start":{"line":45,"column":4},"end":{"line":54,"column":14}},"31":{"start":{"line":55,"column":4},"end":{"line":55,"column":17}},"32":{"start":{"line":57,"column":0},"end":{"line":57,"column":22}}},"branchMap":{"1":{"line":2,"type":"binary-expr","locations":[{"start":{"line":2,"column":18},"end":{"line":2,"column":22}},{"start":{"line":2,"column":26},"end":{"line":2,"column":41}},{"start":{"line":2,"column":46},"end":{"line":7,"column":1}}]},"2":{"line":3,"type":"cond-expr","locations":[{"start":{"line":3,"column":42},"end":{"line":3,"column":48}},{"start":{"line":3,"column":51},"end":{"line":3,"column":125}}]},"3":{"line":3,"type":"cond-expr","locations":[{"start":{"line":3,"column":67},"end":{"line":3,"column":118}},{"start":{"line":3,"column":121},"end":{"line":3,"column":125}}]},"4":{"line":4,"type":"if","locations":[{"start":{"line":4,"column":4},"end":{"line":4,"column":4}},{"start":{"line":4,"column":4},"end":{"line":4,"column":4}}]},"5":{"line":4,"type":"binary-expr","locations":[{"start":{"line":4,"column":8},"end":{"line":4,"column":35}},{"start":{"line":4,"column":39},"end":{"line":4,"column":77}}]},"6":{"line":5,"type":"if","locations":[{"start":{"line":5,"column":58},"end":{"line":5,"column":58}},{"start":{"line":5,"column":58},"end":{"line":5,"column":58}}]},"7":{"line":5,"type":"binary-expr","locations":[{"start":{"line":5,"column":86},"end":{"line":5,"column":143}},{"start":{"line":5,"column":148},"end":{"line":5,"column":149}}]},"8":{"line":5,"type":"cond-expr","locations":[{"start":{"line":5,"column":94},"end":{"line":5,"column":98}},{"start":{"line":5,"column":101},"end":{"line":5,"column":143}}]},"9":{"line":5,"type":"cond-expr","locations":[{"start":{"line":5,"column":109},"end":{"line":5,"column":126}},{"start":{"line":5,"column":129},"end":{"line":5,"column":143}}]},"10":{"line":6,"type":"binary-expr","locations":[{"start":{"line":6,"column":11},"end":{"line":6,"column":16}},{"start":{"line":6,"column":20},"end":{"line":6,"column":21}},{"start":{"line":6,"column":25},"end":{"line":6,"column":62}}]},"11":{"line":8,"type":"binary-expr","locations":[{"start":{"line":8,"column":18},"end":{"line":8,"column":22}},{"start":{"line":8,"column":26},"end":{"line":8,"column":41}},{"start":{"line":8,"column":46},"end":{"line":10,"column":1}}]},"12":{"line":9,"type":"if","locations":[{"start":{"line":9,"column":4},"end":{"line":9,"column":4}},{"start":{"line":9,"column":4},"end":{"line":9,"column":4}}]},"13":{"line":9,"type":"binary-expr","locations":[{"start":{"line":9,"column":8},"end":{"line":9,"column":35}},{"start":{"line":9,"column":39},"end":{"line":9,"column":77}}]},"14":{"line":20,"type":"if","locations":[{"start":{"line":20,"column":8},"end":{"line":20,"column":8}},{"start":{"line":20,"column":8},"end":{"line":20,"column":8}}]},"15":{"line":20,"type":"binary-expr","locations":[{"start":{"line":20,"column":12},"end":{"line":20,"column":17}},{"start":{"line":20,"column":21},"end":{"line":20,"column":29}}]},"16":{"line":24,"type":"if","locations":[{"start":{"line":24,"column":16},"end":{"line":24,"column":16}},{"start":{"line":24,"column":16},"end":{"line":24,"column":16}}]},"17":{"line":37,"type":"if","locations":[{"start":{"line":37,"column":8},"end":{"line":37,"column":8}},{"start":{"line":37,"column":8},"end":{"line":37,"column":8}}]}},"code":["\"use strict\";","var __decorate = (this && this.__decorate) || function (decorators, target, key, desc) {","    var c = arguments.length, r = c < 3 ? target : desc === null ? desc = Object.getOwnPropertyDescriptor(target, key) : desc, d;","    if (typeof Reflect === \"object\" && typeof Reflect.decorate === \"function\") r = Reflect.decorate(decorators, target, key, desc);","    else for (var i = decorators.length - 1; i >= 0; i--) if (d = decorators[i]) r = (c < 3 ? d(r) : c > 3 ? d(target, key, r) : d(target, key)) || r;","    return c > 3 && r && Object.defineProperty(target, key, r), r;","};","var __metadata = (this && this.__metadata) || function (k, v) {","    if (typeof Reflect === \"object\" && typeof Reflect.metadata === \"function\") return Reflect.metadata(k, v);","};","var core_1 = require('angular2/core');","var router_1 = require('angular2/router');","var OrientDB_1 = require('../Service/OrientDB');","var Login = (function () {","    function Login() {","        this.database = new OrientDB_1.ODatabase('http://orientdb.127.0.0.1.xip.io/smsc');","        this.database.open('admin', 'admin');","    }","    Login.prototype.authentication = function (login, password) {","        if (login && password) {","            this.database.query(\"select from OUser where name = '\" + login +","                \"' and password = '\" + this.sha256(password) + \"'\")","                .then(function (res) {","                if (res.result.length) {","                    alert('The user was found!');","                }","                else {","                    alert('User not found!');","                }","            });","        }","        else {","            alert('Not filled fields!');","        }","    };","    Login.prototype.sha256 = function (message) {","        if (message == 'admin') {","            return '{SHA-256}8C6976E5B5410415BDE908BD4D' +","                'EE15DFB167A9C873FC4BB8A81F6F2AB448A918';","        }","        else {","            return message;","        }","    };","    Login = __decorate([","        core_1.Component({","            selector: 'login',","            providers: [OrientDB_1.ODatabase],","            templateUrl: 'app/login.html',","            directives: [router_1.ROUTER_DIRECTIVES],","            pipes: []","        }), ","        __metadata('design:paramtypes', [])","    ], Login);","    return Login;","}());","exports.Login = Login;",""],"l":{"2":1,"3":1,"4":1,"5":0,"6":1,"8":1,"9":1,"11":1,"12":1,"13":1,"14":1,"15":1,"16":2,"17":2,"19":1,"20":0,"21":0,"24":0,"25":0,"28":0,"33":0,"36":1,"37":0,"38":0,"42":0,"45":1,"55":1,"57":1}}}
